2026-03-04T16:31:18.723154+0300 DEBUG ==================== lifespawn aiapi.py:11
2026-03-04T16:31:18.723154+0300 DEBUG Открываю ендипоинт и TCP с Kafka начинаю работу lifespawn aiapi.py:12
2026-03-04T16:37:24.779460+0300 DEBUG Получено сообщени от пользователя об изменении правил отправляю в оркестратор. ai_rules aiapi.py:26
2026-03-04T16:37:24.779460+0300 DEBUG Отправляю сообщение на извлечение фактов.. orkestr_func orkestr.py:9
2026-03-04T16:37:24.779460+0300 DEBUG Пришло сообщение от пользователя пробую извлечь данные для обновления правил.. exctract_rule agentextract.py:8
2026-03-04T16:37:25.429794+0300 DEBUG Факты успешно извлечены из сообщения пользователя, отправляю в сервис справилами.. exctract_rule agentextract.py:19
2026-03-04T16:37:25.430303+0300 DEBUG Извлечённые факты: camera_id=3, label=Танк, threshold=1 orkestr_func orkestr.py:14
2026-03-04T16:37:25.807137+0300 DEBUG Факты успешно извлечены и отправлены на сервер изменения алертов. orkestr_func orkestr.py:19
2026-03-04T16:37:25.807137+0300 DEBUG Успешно отправлено в сервис изменения правил. ai_rules aiapi.py:31
2026-03-04T16:43:41.251342+0300 DEBUG Получен поный отчет пробую отдать ллм и предоставить проанализрованный. ai_report_parsee tenminreportapi.py:15
2026-03-04T16:43:41.251342+0300 DEBUG Пришел запрос на анализ и преобразование отчета через ллм, отправляю.. agent_report_func agentreporter.py:7
2026-03-04T16:43:43.278115+0300 DEBUG Проанализированный отчет получен от агента, возвращаю.. agent_report_func agentreporter.py:16
2026-03-04T16:43:43.278115+0300 DEBUG Отчет успешно проанализирован, результат анализа вовращаю.. ai_report_parsee tenminreportapi.py:18
2026-03-04T16:47:13.625844+0300 DEBUG Получено сообщени от пользователя об изменении правил отправляю в оркестратор. ai_rules aiapi.py:26
2026-03-04T16:47:13.625844+0300 DEBUG Отправляю сообщение на извлечение фактов.. orkestr_func orkestr.py:9
2026-03-04T16:47:13.625844+0300 DEBUG Пришло сообщение от пользователя пробую извлечь данные для обновления правил.. exctract_rule agentextract.py:8
2026-03-04T16:47:14.081873+0300 DEBUG Факты успешно извлечены из сообщения пользователя, отправляю в сервис справилами.. exctract_rule agentextract.py:19
2026-03-04T16:47:14.081873+0300 DEBUG Извлечённые факты: camera_id=3, label=Танк, threshold=1 orkestr_func orkestr.py:14
2026-03-04T16:47:14.354770+0300 DEBUG Факты успешно извлечены и отправлены на сервер изменения алертов. orkestr_func orkestr.py:19
2026-03-04T16:47:14.355341+0300 DEBUG Успешно отправлено в сервис изменения правил. ai_rules aiapi.py:31
2026-03-04T16:48:57.052512+0300 DEBUG Получено сообщени от пользователя об изменении правил отправляю в оркестратор. ai_rules aiapi.py:26
2026-03-04T16:48:57.052512+0300 DEBUG Отправляю сообщение на извлечение фактов.. orkestr_func orkestr.py:9
2026-03-04T16:48:57.052512+0300 DEBUG Пришло сообщение от пользователя пробую извлечь данные для обновления правил.. exctract_rule agentextract.py:8
2026-03-04T16:48:57.535532+0300 DEBUG Факты успешно извлечены из сообщения пользователя, отправляю в сервис справилами.. exctract_rule agentextract.py:19
2026-03-04T16:48:57.535532+0300 DEBUG Извлечённые факты: camera_id=10, label=Танк, threshold=100 orkestr_func orkestr.py:14
2026-03-04T16:48:57.799967+0300 DEBUG Факты успешно извлечены и отправлены на сервер изменения алертов. orkestr_func orkestr.py:19
2026-03-04T16:48:57.799967+0300 DEBUG Успешно отправлено в сервис изменения правил. ai_rules aiapi.py:31
2026-03-04T16:54:11.050942+0300 DEBUG Получено сообщени от пользователя об изменении правил отправляю в оркестратор. ai_rules aiapi.py:26
2026-03-04T16:54:11.050942+0300 DEBUG Отправляю сообщение на извлечение фактов.. orkestr_func orkestr.py:9
2026-03-04T16:54:11.050942+0300 DEBUG Пришло сообщение от пользователя пробую извлечь данные для обновления правил.. exctract_rule agentextract.py:8
2026-03-04T16:54:11.586872+0300 DEBUG Факты успешно извлечены из сообщения пользователя, отправляю в сервис справилами.. exctract_rule agentextract.py:19
2026-03-04T16:54:11.586872+0300 DEBUG Извлечённые факты: camera_id=10, label=Танк, threshold=100 orkestr_func orkestr.py:14
2026-03-04T16:54:11.841942+0300 DEBUG Успешно отправлено в сервис изменения правил. ai_rules aiapi.py:31
2026-03-04T16:55:34.009908+0300 DEBUG Получен поный отчет пробую отдать ллм и предоставить проанализрованный. ai_report_parsee tenminreportapi.py:15
2026-03-04T16:55:34.009908+0300 DEBUG Пришел запрос на анализ и преобразование отчета через ллм, отправляю.. agent_report_func agentreporter.py:7
2026-03-04T16:55:36.010731+0300 DEBUG Проанализированный отчет получен от агента, возвращаю.. agent_report_func agentreporter.py:16
2026-03-04T16:55:36.012166+0300 DEBUG Отчет успешно проанализирован, результат анализа вовращаю.. ai_report_parsee tenminreportapi.py:18
2026-03-04T16:55:50.059821+0300 DEBUG Получено сообщение от пользователя на добавление новой камеры обрабатываю.. ai_new_camera_parse newcameraapi.py:17
2026-03-04T16:55:50.067884+0300 DEBUG Пришло сообщение от пользователя на добавление камеры пробые извлечь данные.. exctract_new_camera_func agentexctractaddcam.py:8
2026-03-04T16:55:50.936529+0300 DEBUG Факты для добавления камеры успешно извлечены, отпраляю в сервис правил.. exctract_new_camera_func agentexctractaddcam.py:19
2026-03-04T16:55:51.227987+0300 DEBUG Получен ответ от сервиса добавления правил по поводу добавления камеры, возвращаю.. ai_new_camera_parse newcameraapi.py:26
2026-03-04T17:05:29.899387+0300 DEBUG Получен поный отчет пробую отдать ллм и предоставить проанализрованный. ai_report_parsee tenminreportapi.py:15
2026-03-04T17:05:29.900453+0300 DEBUG Пришел запрос на анализ и преобразование отчета через ллм, отправляю.. agent_report_func agentreporter.py:7
2026-03-04T17:05:31.999017+0300 DEBUG Проанализированный отчет получен от агента, возвращаю.. agent_report_func agentreporter.py:16
2026-03-04T17:05:31.999017+0300 DEBUG Отчет успешно проанализирован, результат анализа вовращаю.. ai_report_parsee tenminreportapi.py:18
2026-03-04T17:08:16.572125+0300 DEBUG Закрываю соединени TCP с kafka и заканчиваю.. lifespawn aiapi.py:16
2026-03-04T17:08:16.574077+0300 DEBUG ==================== lifespawn aiapi.py:17
