2026-03-04T16:30:57.542987+0300 DEBUG ==================== lifespawn changerulesapi.py:12
2026-03-04T16:30:57.543439+0300 DEBUG Открываю TCP соединение с Kafka перед запуском.. lifespawn changerulesapi.py:13
2026-03-04T16:32:27.430484+0300 DEBUG Получен запрос на получение информации о местности камеры. get_restrict_api getrestrictionsapi.py:10
2026-03-04T16:32:27.440450+0300 DEBUG Данные о местности успешно получены, отпраляю обратно.. get_restrict_api getrestrictionsapi.py:12
2026-03-04T16:32:27.737729+0300 DEBUG Пришел запрос на получени координат, обрабатываю.. get_coordinates getcoordinatesapi.py:10
2026-03-04T16:32:27.888043+0300 DEBUG Координаты успешно получены и отправлены. get_coordinates getcoordinatesapi.py:12
2026-03-04T16:34:29.829668+0300 DEBUG Закрываю соединение с Kafka перед выключением. lifespawn changerulesapi.py:18
2026-03-04T16:34:29.835069+0300 DEBUG Соединение с Kafka успешно закрыто. lifespawn changerulesapi.py:20
2026-03-04T16:34:29.835573+0300 DEBUG ==================== lifespawn changerulesapi.py:21
2026-03-04T16:34:35.884890+0300 DEBUG ==================== lifespawn changerulesapi.py:12
2026-03-04T16:34:35.885299+0300 DEBUG Открываю TCP соединение с Kafka перед запуском.. lifespawn changerulesapi.py:13
2026-03-04T16:34:48.329520+0300 DEBUG Получен запрос на получение информации о местности камеры. get_restrict_api getrestrictionsapi.py:10
2026-03-04T16:34:48.339269+0300 DEBUG Данные о местности успешно получены, отпраляю обратно.. get_restrict_api getrestrictionsapi.py:12
2026-03-04T16:34:48.593888+0300 DEBUG Пришел запрос на получени координат, обрабатываю.. get_coordinates getcoordinatesapi.py:10
2026-03-04T16:34:48.595893+0300 DEBUG Координаты успешно получены и отправлены. get_coordinates getcoordinatesapi.py:12
2026-03-04T16:35:04.045894+0300 DEBUG Получен запрос на получение информации о местности камеры. get_restrict_api getrestrictionsapi.py:10
2026-03-04T16:35:04.080769+0300 DEBUG Получен запрос на получение информации о местности камеры. get_restrict_api getrestrictionsapi.py:10
2026-03-04T16:35:04.083778+0300 DEBUG Получен запрос на получение информации о местности камеры. get_restrict_api getrestrictionsapi.py:10
2026-03-04T16:35:04.109409+0300 DEBUG Пришел запрос на получени координат, обрабатываю.. get_coordinates getcoordinatesapi.py:10
2026-03-04T16:35:04.110416+0300 DEBUG Пришел запрос на получени координат, обрабатываю.. get_coordinates getcoordinatesapi.py:10
2026-03-04T16:35:04.115420+0300 DEBUG Данные о местности успешно получены, отпраляю обратно.. get_restrict_api getrestrictionsapi.py:12
2026-03-04T16:35:04.116418+0300 DEBUG Данные о местности успешно получены, отпраляю обратно.. get_restrict_api getrestrictionsapi.py:12
2026-03-04T16:35:04.117419+0300 DEBUG Данные о местности успешно получены, отпраляю обратно.. get_restrict_api getrestrictionsapi.py:12
2026-03-04T16:35:04.118419+0300 DEBUG Координаты успешно получены и отправлены. get_coordinates getcoordinatesapi.py:12
2026-03-04T16:35:04.119421+0300 DEBUG Координаты успешно получены и отправлены. get_coordinates getcoordinatesapi.py:12
2026-03-04T16:35:04.300410+0300 DEBUG Пришел запрос на получени координат, обрабатываю.. get_coordinates getcoordinatesapi.py:10
2026-03-04T16:35:04.301408+0300 DEBUG Пришел запрос на получени координат, обрабатываю.. get_coordinates getcoordinatesapi.py:10
2026-03-04T16:35:04.302413+0300 DEBUG Пришел запрос на получени координат, обрабатываю.. get_coordinates getcoordinatesapi.py:10
2026-03-04T16:35:04.302413+0300 DEBUG Получен запрос на получение информации о местности камеры. get_restrict_api getrestrictionsapi.py:10
2026-03-04T16:35:04.303410+0300 DEBUG Получен запрос на получение информации о местности камеры. get_restrict_api getrestrictionsapi.py:10
2026-03-04T16:35:04.306943+0300 DEBUG Координаты успешно получены и отправлены. get_coordinates getcoordinatesapi.py:12
2026-03-04T16:35:04.307941+0300 DEBUG Координаты успешно получены и отправлены. get_coordinates getcoordinatesapi.py:12
2026-03-04T16:35:04.308944+0300 DEBUG Координаты успешно получены и отправлены. get_coordinates getcoordinatesapi.py:12
2026-03-04T16:35:04.309943+0300 DEBUG Данные о местности успешно получены, отпраляю обратно.. get_restrict_api getrestrictionsapi.py:12
2026-03-04T16:35:04.310945+0300 DEBUG Данные о местности успешно получены, отпраляю обратно.. get_restrict_api getrestrictionsapi.py:12
2026-03-04T16:35:37.720994+0300 DEBUG Получен запрос на получение информации о местности камеры. get_restrict_api getrestrictionsapi.py:10
2026-03-04T16:35:37.720994+0300 DEBUG Данные о местности успешно получены, отпраляю обратно.. get_restrict_api getrestrictionsapi.py:12
2026-03-04T16:35:37.982847+0300 DEBUG Пришел запрос на получени координат, обрабатываю.. get_coordinates getcoordinatesapi.py:10
2026-03-04T16:35:37.983828+0300 DEBUG Координаты успешно получены и отправлены. get_coordinates getcoordinatesapi.py:12
2026-03-04T16:37:25.802625+0300 DEBUG Получено сообщение со стороны бота на обновление правил, обрабатываю.. change_rules changerulesapi.py:32
2026-03-04T16:37:25.806140+0300 DEBUG Правила успешно изменены. change_rules changerulesapi.py:37
2026-03-04T16:41:57.641416+0300 DEBUG Закрываю соединение с Kafka перед выключением. lifespawn changerulesapi.py:18
2026-03-04T16:41:57.647667+0300 DEBUG Соединение с Kafka успешно закрыто. lifespawn changerulesapi.py:20
2026-03-04T16:41:57.648413+0300 DEBUG ==================== lifespawn changerulesapi.py:21
2026-03-04T16:42:33.140848+0300 DEBUG ==================== lifespawn changerulesapi.py:12
2026-03-04T16:42:33.140848+0300 DEBUG Открываю TCP соединение с Kafka перед запуском.. lifespawn changerulesapi.py:13
2026-03-04T16:43:40.442958+0300 DEBUG Получен запрос на получение информации о местности камеры. get_restrict_api getrestrictionsapi.py:10
2026-03-04T16:43:40.445150+0300 DEBUG Пришел запрос на получени координат, обрабатываю.. get_coordinates getcoordinatesapi.py:10
2026-03-04T16:43:40.446172+0300 DEBUG Пришел запрос на получени координат, обрабатываю.. get_coordinates getcoordinatesapi.py:10
2026-03-04T16:43:40.447877+0300 DEBUG Пришел запрос на получени координат, обрабатываю.. get_coordinates getcoordinatesapi.py:10
2026-03-04T16:43:40.448450+0300 DEBUG Получен запрос на получение информации о местности камеры. get_restrict_api getrestrictionsapi.py:10
2026-03-04T16:43:40.451440+0300 DEBUG Координаты успешно получены и отправлены. get_coordinates getcoordinatesapi.py:12
2026-03-04T16:43:40.452448+0300 DEBUG Координаты успешно получены и отправлены. get_coordinates getcoordinatesapi.py:12
2026-03-04T16:43:40.452823+0300 DEBUG Данные о местности успешно получены, отпраляю обратно.. get_restrict_api getrestrictionsapi.py:12
2026-03-04T16:43:40.453831+0300 DEBUG Координаты успешно получены и отправлены. get_coordinates getcoordinatesapi.py:12
2026-03-04T16:43:40.454830+0300 DEBUG Данные о местности успешно получены, отпраляю обратно.. get_restrict_api getrestrictionsapi.py:12
2026-03-04T16:43:40.690994+0300 DEBUG Получен запрос на получение информации о местности камеры. get_restrict_api getrestrictionsapi.py:10
2026-03-04T16:43:40.778066+0300 DEBUG Пришел запрос на получени координат, обрабатываю.. get_coordinates getcoordinatesapi.py:10
2026-03-04T16:43:40.778066+0300 DEBUG Получен запрос на получение информации о местности камеры. get_restrict_api getrestrictionsapi.py:10
2026-03-04T16:43:40.778066+0300 DEBUG Получен запрос на получение информации о местности камеры. get_restrict_api getrestrictionsapi.py:10
2026-03-04T16:43:40.787796+0300 DEBUG Пришел запрос на получени координат, обрабатываю.. get_coordinates getcoordinatesapi.py:10
2026-03-04T16:43:40.787796+0300 DEBUG Данные о местности успешно получены, отпраляю обратно.. get_restrict_api getrestrictionsapi.py:12
2026-03-04T16:43:40.787796+0300 DEBUG Данные о местности успешно получены, отпраляю обратно.. get_restrict_api getrestrictionsapi.py:12
2026-03-04T16:43:40.793001+0300 DEBUG Координаты успешно получены и отправлены. get_coordinates getcoordinatesapi.py:12
2026-03-04T16:43:40.794148+0300 DEBUG Данные о местности успешно получены, отпраляю обратно.. get_restrict_api getrestrictionsapi.py:12
2026-03-04T16:43:40.795059+0300 DEBUG Координаты успешно получены и отправлены. get_coordinates getcoordinatesapi.py:12
2026-03-04T16:47:14.350428+0300 DEBUG Получено сообщение со стороны бота на обновление правил, обрабатываю.. change_rules changerulesapi.py:32
2026-03-04T16:47:14.353147+0300 DEBUG Правила успешно изменены. change_rules changerulesapi.py:37
2026-03-04T16:48:57.799967+0300 DEBUG Получено сообщение со стороны бота на обновление правил, обрабатываю.. change_rules changerulesapi.py:32
2026-03-04T16:48:57.799967+0300 ERROR Не удалось изменить правила. Unexpected UTF-8 BOM (decode using utf-8-sig): line 1 column 1 (char 0) change_rules changerulesapi.py:40
2026-03-04T16:53:28.830386+0300 DEBUG Закрываю соединение с Kafka перед выключением. lifespawn changerulesapi.py:18
2026-03-04T16:53:28.839423+0300 DEBUG Соединение с Kafka успешно закрыто. lifespawn changerulesapi.py:20
2026-03-04T16:53:28.839961+0300 DEBUG ==================== lifespawn changerulesapi.py:21
2026-03-04T16:53:35.178456+0300 DEBUG ==================== lifespawn changerulesapi.py:12
2026-03-04T16:53:35.178456+0300 DEBUG Открываю TCP соединение с Kafka перед запуском.. lifespawn changerulesapi.py:13
2026-03-04T16:54:11.839887+0300 DEBUG Получено сообщение со стороны бота на обновление правил, обрабатываю.. change_rules changerulesapi.py:32
2026-03-04T16:55:33.463092+0300 DEBUG Получен запрос на получение информации о местности камеры. get_restrict_api getrestrictionsapi.py:10
2026-03-04T16:55:33.464099+0300 DEBUG Получен запрос на получение информации о местности камеры. get_restrict_api getrestrictionsapi.py:10
2026-03-04T16:55:33.465158+0300 DEBUG Получен запрос на получение информации о местности камеры. get_restrict_api getrestrictionsapi.py:10
2026-03-04T16:55:33.466108+0300 DEBUG Получен запрос на получение информации о местности камеры. get_restrict_api getrestrictionsapi.py:10
2026-03-04T16:55:33.467913+0300 DEBUG Пришел запрос на получени координат, обрабатываю.. get_coordinates getcoordinatesapi.py:10
2026-03-04T16:55:33.471822+0300 DEBUG Данные о местности успешно получены, отпраляю обратно.. get_restrict_api getrestrictionsapi.py:12
2026-03-04T16:55:33.472787+0300 DEBUG Данные о местности успешно получены, отпраляю обратно.. get_restrict_api getrestrictionsapi.py:12
2026-03-04T16:55:33.474698+0300 DEBUG Данные о местности успешно получены, отпраляю обратно.. get_restrict_api getrestrictionsapi.py:12
2026-03-04T16:55:33.474698+0300 DEBUG Данные о местности успешно получены, отпраляю обратно.. get_restrict_api getrestrictionsapi.py:12
2026-03-04T16:55:33.476514+0300 DEBUG Координаты успешно получены и отправлены. get_coordinates getcoordinatesapi.py:12
2026-03-04T16:55:33.728818+0300 DEBUG Пришел запрос на получени координат, обрабатываю.. get_coordinates getcoordinatesapi.py:10
2026-03-04T16:55:33.728818+0300 DEBUG Получен запрос на получение информации о местности камеры. get_restrict_api getrestrictionsapi.py:10
2026-03-04T16:55:33.728818+0300 DEBUG Пришел запрос на получени координат, обрабатываю.. get_coordinates getcoordinatesapi.py:10
2026-03-04T16:55:33.728818+0300 DEBUG Пришел запрос на получени координат, обрабатываю.. get_coordinates getcoordinatesapi.py:10
2026-03-04T16:55:33.728818+0300 DEBUG Пришел запрос на получени координат, обрабатываю.. get_coordinates getcoordinatesapi.py:10
2026-03-04T16:55:33.737620+0300 DEBUG Координаты успешно получены и отправлены. get_coordinates getcoordinatesapi.py:12
2026-03-04T16:55:33.737620+0300 DEBUG Координаты успешно получены и отправлены. get_coordinates getcoordinatesapi.py:12
2026-03-04T16:55:33.740908+0300 DEBUG Координаты успешно получены и отправлены. get_coordinates getcoordinatesapi.py:12
2026-03-04T16:55:33.741918+0300 DEBUG Координаты успешно получены и отправлены. get_coordinates getcoordinatesapi.py:12
2026-03-04T16:55:33.742948+0300 DEBUG Данные о местности успешно получены, отпраляю обратно.. get_restrict_api getrestrictionsapi.py:12
2026-03-04T16:55:51.223532+0300 DEBUG Получен запрос на добавление камеры, обрабатываю.. change_coordinates_funct addcameraapi.py:17
2026-03-04T16:55:51.226350+0300 DEBUG Камера успешно добавлена change_coordinates_funct addcameraapi.py:19
2026-03-04T17:05:29.382787+0300 DEBUG Пришел запрос на получени координат, обрабатываю.. get_coordinates getcoordinatesapi.py:10
2026-03-04T17:05:29.383463+0300 DEBUG Пришел запрос на получени координат, обрабатываю.. get_coordinates getcoordinatesapi.py:10
2026-03-04T17:05:29.384469+0300 DEBUG Получен запрос на получение информации о местности камеры. get_restrict_api getrestrictionsapi.py:10
2026-03-04T17:05:29.384469+0300 DEBUG Пришел запрос на получени координат, обрабатываю.. get_coordinates getcoordinatesapi.py:10
2026-03-04T17:05:29.385688+0300 DEBUG Получен запрос на получение информации о местности камеры. get_restrict_api getrestrictionsapi.py:10
2026-03-04T17:05:29.388362+0300 DEBUG Координаты успешно получены и отправлены. get_coordinates getcoordinatesapi.py:12
2026-03-04T17:05:29.389362+0300 DEBUG Координаты успешно получены и отправлены. get_coordinates getcoordinatesapi.py:12
2026-03-04T17:05:29.390361+0300 DEBUG Данные о местности успешно получены, отпраляю обратно.. get_restrict_api getrestrictionsapi.py:12
2026-03-04T17:05:29.391361+0300 DEBUG Данные о местности успешно получены, отпраляю обратно.. get_restrict_api getrestrictionsapi.py:12
2026-03-04T17:05:29.392362+0300 DEBUG Координаты успешно получены и отправлены. get_coordinates getcoordinatesapi.py:12
2026-03-04T17:05:29.634019+0300 DEBUG Пришел запрос на получени координат, обрабатываю.. get_coordinates getcoordinatesapi.py:10
2026-03-04T17:05:29.634985+0300 DEBUG Получен запрос на получение информации о местности камеры. get_restrict_api getrestrictionsapi.py:10
2026-03-04T17:05:29.634985+0300 DEBUG Получен запрос на получение информации о местности камеры. get_restrict_api getrestrictionsapi.py:10
2026-03-04T17:05:29.635986+0300 DEBUG Получен запрос на получение информации о местности камеры. get_restrict_api getrestrictionsapi.py:10
2026-03-04T17:05:29.635986+0300 DEBUG Пришел запрос на получени координат, обрабатываю.. get_coordinates getcoordinatesapi.py:10
2026-03-04T17:05:29.638985+0300 DEBUG Данные о местности успешно получены, отпраляю обратно.. get_restrict_api getrestrictionsapi.py:12
2026-03-04T17:05:29.639988+0300 DEBUG Данные о местности успешно получены, отпраляю обратно.. get_restrict_api getrestrictionsapi.py:12
2026-03-04T17:05:29.640991+0300 DEBUG Координаты успешно получены и отправлены. get_coordinates getcoordinatesapi.py:12
2026-03-04T17:05:29.640991+0300 DEBUG Данные о местности успешно получены, отпраляю обратно.. get_restrict_api getrestrictionsapi.py:12
2026-03-04T17:05:29.642071+0300 DEBUG Координаты успешно получены и отправлены. get_coordinates getcoordinatesapi.py:12
2026-03-04T17:08:19.354939+0300 DEBUG Закрываю соединение с Kafka перед выключением. lifespawn changerulesapi.py:18
2026-03-04T17:08:19.362649+0300 DEBUG Соединение с Kafka успешно закрыто. lifespawn changerulesapi.py:20
2026-03-04T17:08:19.362649+0300 DEBUG ==================== lifespawn changerulesapi.py:21
