2026-03-04T16:25:48.800389+0300 DEBUG ==================== check_env config.py:9
2026-03-04T16:25:48.800389+0300 DEBUG ЗАПУСК check_env config.py:10
2026-03-04T16:25:48.800389+0300 DEBUG Начинаю проверку необходимых переменных.. check_env config.py:11
2026-03-04T16:25:50.701770+0300 DEBUG Проверяю Bucket, создаю таблицы и схемы в БД.. lifespawn graphapi.py:16
2026-03-04T16:25:50.756345+0300 DEBUG Создаю схему, удаляю таблицы, создаю новые.. create_tables dbfuncs.py:11
2026-03-04T16:25:50.756345+0300 DEBUG Создаю схему DetectionService если её нет.. create_tables dbfuncs.py:13
2026-03-04T16:25:50.756345+0300 DEBUG Схема успешно создана. create_tables dbfuncs.py:15
2026-03-04T16:25:50.756345+0300 DEBUG Удаляю таблицы.. create_tables dbfuncs.py:16
2026-03-04T16:25:50.799498+0300 DEBUG Таблицы удалены успешно. create_tables dbfuncs.py:18
2026-03-04T16:25:50.800509+0300 DEBUG Создаю новые таблицы.. create_tables dbfuncs.py:19
2026-03-04T16:25:51.162983+0300 DEBUG Таблицы (Detected_frames), (Deteted_objects) успешно созданы БД готов к работе. create_tables dbfuncs.py:21
2026-03-04T16:25:51.308729+0300 DEBUG Проверяю есть ли Buckett = detected bucket_check s3loadupload.py:31
2026-03-04T16:25:51.333984+0300 DEBUG Bucket = detected уже есть, отлично! bucket_check s3loadupload.py:34
2026-03-04T16:25:51.436903+0300 DEBUG Проверяю есть ли Buckett = frames bucket_check s3loadupload.py:31
2026-03-04T16:25:51.453256+0300 DEBUG Bucket = frames уже есть, отлично! bucket_check s3loadupload.py:34
2026-03-04T16:25:51.453256+0300 DEBUG БД и S3 успешно инициализированы и готовы к работе. lifespawn graphapi.py:20
2026-03-04T16:25:51.453256+0300 DEBUG Открываю TCP соединение с Kafka... lifespawn graphapi.py:25
2026-03-04T16:25:59.619284+0300 DEBUG TCP соединение с Kafka успешно открыто. lifespawn graphapi.py:27
2026-03-04T16:32:27.656307+0300 DEBUG Получил запрос на получение информации с камеры = 1. Обрабатываю.. get_single_camera_labels dbfuncs.py:92
2026-03-04T16:32:27.671127+0300 DEBUG Отчет по объектам камеры = 1 успешно полчен. get_single_camera_labels dbfuncs.py:99
2026-03-04T16:32:27.673986+0300 DEBUG Получен запрос на время последней детекции камеры = 1. get_singe_camera_last_detect dbfuncs.py:109
2026-03-04T16:32:27.680541+0300 DEBUG Последние время детекции камеры = 1 получены. get_singe_camera_last_detect dbfuncs.py:117
2026-03-04T16:34:48.596888+0300 DEBUG Получил запрос на получение информации с камеры = 1. Обрабатываю.. get_single_camera_labels dbfuncs.py:92
2026-03-04T16:34:48.600464+0300 DEBUG Отчет по объектам камеры = 1 успешно полчен. get_single_camera_labels dbfuncs.py:99
2026-03-04T16:34:48.602481+0300 DEBUG Получен запрос на время последней детекции камеры = 1. get_singe_camera_last_detect dbfuncs.py:109
2026-03-04T16:34:48.605777+0300 DEBUG Последние время детекции камеры = 1 получены. get_singe_camera_last_detect dbfuncs.py:117
2026-03-04T16:35:04.304412+0300 DEBUG Пришел запрос на статистику по всем камерам за всё время, обрабатываю.. get_every_camera_labels_and_count dbfuncs.py:145
2026-03-04T16:35:04.309943+0300 DEBUG Статистика по всем камерам и объектам на них, успешно получена get_every_camera_labels_and_count dbfuncs.py:151
2026-03-04T16:35:04.311940+0300 DEBUG Пришел запрос узнать самую опасную камреу, обрабатываю.. get_most_dangerous_camera_and_stats dbfuncs.py:125
2026-03-04T16:35:04.318576+0300 DEBUG Самая опасная камера и ее статистика успешно узнана, отправляю. get_most_dangerous_camera_and_stats dbfuncs.py:137
2026-03-04T16:35:37.985989+0300 DEBUG Получил запрос на получение информации с камеры = 1. Обрабатываю.. get_single_camera_labels dbfuncs.py:92
2026-03-04T16:35:37.985989+0300 DEBUG Отчет по объектам камеры = 1 успешно полчен. get_single_camera_labels dbfuncs.py:99
2026-03-04T16:35:37.985989+0300 DEBUG Получен запрос на время последней детекции камеры = 1. get_singe_camera_last_detect dbfuncs.py:109
2026-03-04T16:35:37.993605+0300 DEBUG Последние время детекции камеры = 1 получены. get_singe_camera_last_detect dbfuncs.py:117
2026-03-04T16:42:01.821488+0300 DEBUG Пришел запрос на статистику по всем камерам за всё время, обрабатываю.. get_every_camera_labels_and_count dbfuncs.py:145
2026-03-04T16:42:01.825557+0300 DEBUG Статистика по всем камерам и объектам на них, успешно получена get_every_camera_labels_and_count dbfuncs.py:151
2026-03-04T16:42:01.825557+0300 DEBUG Пришел запрос узнать самую опасную камреу, обрабатываю.. get_most_dangerous_camera_and_stats dbfuncs.py:125
2026-03-04T16:42:01.831786+0300 DEBUG Самая опасная камера и ее статистика успешно узнана, отправляю. get_most_dangerous_camera_and_stats dbfuncs.py:137
2026-03-04T16:43:40.690994+0300 DEBUG Пришел запрос на статистику по всем камерам за всё время, обрабатываю.. get_every_camera_labels_and_count dbfuncs.py:145
2026-03-04T16:43:40.695614+0300 DEBUG Статистика по всем камерам и объектам на них, успешно получена get_every_camera_labels_and_count dbfuncs.py:151
2026-03-04T16:43:40.695614+0300 DEBUG Пришел запрос узнать самую опасную камреу, обрабатываю.. get_most_dangerous_camera_and_stats dbfuncs.py:125
2026-03-04T16:43:40.701808+0300 DEBUG Самая опасная камера и ее статистика успешно узнана, отправляю. get_most_dangerous_camera_and_stats dbfuncs.py:137
2026-03-04T16:55:33.728818+0300 DEBUG Пришел запрос на статистику по всем камерам за всё время, обрабатываю.. get_every_camera_labels_and_count dbfuncs.py:145
2026-03-04T16:55:33.740286+0300 DEBUG Статистика по всем камерам и объектам на них, успешно получена get_every_camera_labels_and_count dbfuncs.py:151
2026-03-04T16:55:33.741918+0300 DEBUG Пришел запрос узнать самую опасную камреу, обрабатываю.. get_most_dangerous_camera_and_stats dbfuncs.py:125
2026-03-04T16:55:33.745949+0300 DEBUG Самая опасная камера и ее статистика успешно узнана, отправляю. get_most_dangerous_camera_and_stats dbfuncs.py:137
2026-03-04T17:05:29.636985+0300 DEBUG Пришел запрос на статистику по всем камерам за всё время, обрабатываю.. get_every_camera_labels_and_count dbfuncs.py:145
2026-03-04T17:05:29.640991+0300 DEBUG Статистика по всем камерам и объектам на них, успешно получена get_every_camera_labels_and_count dbfuncs.py:151
2026-03-04T17:05:29.642071+0300 DEBUG Пришел запрос узнать самую опасную камреу, обрабатываю.. get_most_dangerous_camera_and_stats dbfuncs.py:125
2026-03-04T17:05:29.645410+0300 DEBUG Самая опасная камера и ее статистика успешно узнана, отправляю. get_most_dangerous_camera_and_stats dbfuncs.py:137
2026-03-04T17:08:26.101763+0300 DEBUG Закрываю соединения Kafka, завершаю работу... lifespawn graphapi.py:33
2026-03-04T17:08:26.105540+0300 DEBUG Соединения закрыты работа заверешена успешно. lifespawn graphapi.py:35
2026-03-04T17:08:26.106117+0300 DEBUG ==================== lifespawn graphapi.py:36
