2026-02-27T22:46:24.040724+0300 DEBUG ==================== check_env config.py:25
2026-02-27T22:46:24.041728+0300 DEBUG ЗАПУСК check_env config.py:26
2026-02-27T22:46:24.041728+0300 DEBUG Начинаю проверку необходимых переменных.. check_env config.py:27
2026-02-27T22:46:24.084783+0300 DEBUG Проверяю БД и S3 перед запуском lifepsawn post.py:13
2026-02-27T22:46:24.243641+0300 DEBUG Создаю схему VideoProducerService если её нет.. create_tables dbschema.py:54
2026-02-27T22:46:24.268856+0300 DEBUG Схема создана. create_tables dbschema.py:56
2026-02-27T22:46:24.268856+0300 DEBUG Удаляю все Таблицы.. create_tables dbschema.py:57
2026-02-27T22:46:24.690338+0300 DEBUG Создаю новые.. create_tables dbschema.py:59
2026-02-27T22:46:26.006489+0300 DEBUG Таблицы (Videos), (Frames) успено созданы, БД готова к работе! create_tables dbschema.py:61
2026-02-27T22:46:26.255641+0300 DEBUG Проверяю есть ли Bucket = videos.. bucket_check s3send.py:29
2026-02-27T22:46:26.280538+0300 DEBUG Bucket = videos уже есть, отлично! bucket_check s3send.py:32
2026-02-27T22:46:26.391407+0300 DEBUG Проверяю есть ли Bucket = frames.. bucket_check s3send.py:29
2026-02-27T22:46:26.420098+0300 DEBUG Bucket = frames уже есть, отлично! bucket_check s3send.py:32
2026-02-27T22:46:26.420098+0300 DEBUG Открываю соединие TCP c Kafka.. lifepsawn post.py:22
2026-02-27T22:48:24.904730+0300 DEBUG Получено 1 видео. upload_video post.py:36
2026-02-27T22:48:24.904730+0300 DEBUG Пробую обработать 1/1.. upload_video post.py:39
2026-02-27T22:48:24.904730+0300 DEBUG Назначаю имена файлам.. orkestr_func orkestr.py:9
2026-02-27T22:48:24.904730+0300 DEBUG Отправляю видео в S3 orkestr_func orkestr.py:17
2026-02-27T22:48:24.912991+0300 DEBUG Получил данные пробую загрузить в Bucket = videos upload_file s3send.py:50
2026-02-27T22:48:26.194456+0300 DEBUG Файл успешно загружен в S3, Bucket = videos upload_file s3send.py:56
2026-02-27T22:48:26.198070+0300 DEBUG Видео успешно отправлено в S3 orkestr_func orkestr.py:19
2026-02-27T22:48:26.198070+0300 DEBUG Отпарвляю информацию о видео в БД orkestr_func orkestr.py:24
2026-02-27T22:48:26.198070+0300 DEBUG Получены данные о видео, отправляю в БД.. insert_videos dbschema.py:68
2026-02-27T22:48:26.505166+0300 DEBUG Видео успешно загружено возвращаю id insert_videos dbschema.py:78
2026-02-27T22:48:26.505166+0300 DEBUG Видео успешно загружено в БД orkestr_func orkestr.py:26
2026-02-27T22:48:26.515508+0300 DEBUG Отправляю фреймы видео в S3 и БД.. orkestr_func orkestr.py:31
2026-02-27T22:48:29.841543+0300 DEBUG Пробую нарезать фреймы и загрузить в S3.. exctract_and_load_frames framer.py:14
2026-02-27T22:48:30.920389+0300 DEBUG Получил данные пробую загрузить в Bucket = frames upload_file s3send.py:50
2026-02-27T22:48:31.212023+0300 DEBUG Файл успешно загружен в S3, Bucket = frames upload_file s3send.py:56
2026-02-27T22:48:31.214023+0300 DEBUG Получена ифна о фрейме, гружу в БД.. insert_frames dbschema.py:92
2026-02-27T22:48:31.661273+0300 DEBUG Инфа о фрейме успешно загружена в БД! insert_frames dbschema.py:102
2026-02-27T22:48:31.661273+0300 DEBUG Отправляю путь фрейма в топик.. exctract_and_load_frames framer.py:32
2026-02-27T22:48:31.661273+0300 DEBUG Получено сообщение отправляю в топик Kafka = (ready_to_detect).. kafka_send kafkaproduce.py:6
2026-02-27T22:48:33.832335+0300 DEBUG Сообщение успешно отправлено в топик Kafka = (ready_to_detect) kafka_send kafkaproduce.py:8
2026-02-27T22:48:33.832873+0300 DEBUG Успшео отправлено в топик! exctract_and_load_frames framer.py:34
2026-02-27T22:48:33.898820+0300 DEBUG Получил данные пробую загрузить в Bucket = frames upload_file s3send.py:50
2026-02-27T22:48:34.165989+0300 DEBUG Файл успешно загружен в S3, Bucket = frames upload_file s3send.py:56
2026-02-27T22:48:34.169310+0300 DEBUG Получена ифна о фрейме, гружу в БД.. insert_frames dbschema.py:92
2026-02-27T22:48:34.407898+0300 DEBUG Инфа о фрейме успешно загружена в БД! insert_frames dbschema.py:102
2026-02-27T22:48:34.407898+0300 DEBUG Отправляю путь фрейма в топик.. exctract_and_load_frames framer.py:32
2026-02-27T22:48:34.407898+0300 DEBUG Получено сообщение отправляю в топик Kafka = (ready_to_detect).. kafka_send kafkaproduce.py:6
2026-02-27T22:48:34.419837+0300 DEBUG Сообщение успешно отправлено в топик Kafka = (ready_to_detect) kafka_send kafkaproduce.py:8
2026-02-27T22:48:34.420642+0300 DEBUG Успшео отправлено в топик! exctract_and_load_frames framer.py:34
2026-02-27T22:48:34.491186+0300 DEBUG Получил данные пробую загрузить в Bucket = frames upload_file s3send.py:50
2026-02-27T22:48:35.127657+0300 DEBUG Файл успешно загружен в S3, Bucket = frames upload_file s3send.py:56
2026-02-27T22:48:35.129779+0300 DEBUG Получена ифна о фрейме, гружу в БД.. insert_frames dbschema.py:92
2026-02-27T22:48:35.385049+0300 DEBUG Инфа о фрейме успешно загружена в БД! insert_frames dbschema.py:102
2026-02-27T22:48:35.386777+0300 DEBUG Отправляю путь фрейма в топик.. exctract_and_load_frames framer.py:32
2026-02-27T22:48:35.386777+0300 DEBUG Получено сообщение отправляю в топик Kafka = (ready_to_detect).. kafka_send kafkaproduce.py:6
2026-02-27T22:48:35.390090+0300 DEBUG Сообщение успешно отправлено в топик Kafka = (ready_to_detect) kafka_send kafkaproduce.py:8
2026-02-27T22:48:35.390597+0300 DEBUG Успшео отправлено в топик! exctract_and_load_frames framer.py:34
2026-02-27T22:48:35.449745+0300 DEBUG Получил данные пробую загрузить в Bucket = frames upload_file s3send.py:50
2026-02-27T22:48:36.208105+0300 DEBUG Файл успешно загружен в S3, Bucket = frames upload_file s3send.py:56
2026-02-27T22:48:36.208105+0300 DEBUG Получена ифна о фрейме, гружу в БД.. insert_frames dbschema.py:92
2026-02-27T22:48:36.339698+0300 DEBUG Инфа о фрейме успешно загружена в БД! insert_frames dbschema.py:102
2026-02-27T22:48:36.339698+0300 DEBUG Отправляю путь фрейма в топик.. exctract_and_load_frames framer.py:32
2026-02-27T22:48:36.339698+0300 DEBUG Получено сообщение отправляю в топик Kafka = (ready_to_detect).. kafka_send kafkaproduce.py:6
2026-02-27T22:48:36.347755+0300 DEBUG Сообщение успешно отправлено в топик Kafka = (ready_to_detect) kafka_send kafkaproduce.py:8
2026-02-27T22:48:36.347755+0300 DEBUG Успшео отправлено в топик! exctract_and_load_frames framer.py:34
2026-02-27T22:48:36.401574+0300 DEBUG Получил данные пробую загрузить в Bucket = frames upload_file s3send.py:50
2026-02-27T22:48:36.920404+0300 DEBUG Файл успешно загружен в S3, Bucket = frames upload_file s3send.py:56
2026-02-27T22:48:36.922909+0300 DEBUG Получена ифна о фрейме, гружу в БД.. insert_frames dbschema.py:92
2026-02-27T22:48:37.065944+0300 DEBUG Инфа о фрейме успешно загружена в БД! insert_frames dbschema.py:102
2026-02-27T22:48:37.065944+0300 DEBUG Отправляю путь фрейма в топик.. exctract_and_load_frames framer.py:32
2026-02-27T22:48:37.067141+0300 DEBUG Получено сообщение отправляю в топик Kafka = (ready_to_detect).. kafka_send kafkaproduce.py:6
2026-02-27T22:48:37.070027+0300 DEBUG Сообщение успешно отправлено в топик Kafka = (ready_to_detect) kafka_send kafkaproduce.py:8
2026-02-27T22:48:37.070569+0300 DEBUG Успшео отправлено в топик! exctract_and_load_frames framer.py:34
2026-02-27T22:48:37.122135+0300 DEBUG Получил данные пробую загрузить в Bucket = frames upload_file s3send.py:50
2026-02-27T22:48:37.796432+0300 DEBUG Файл успешно загружен в S3, Bucket = frames upload_file s3send.py:56
2026-02-27T22:48:37.803144+0300 DEBUG Получена ифна о фрейме, гружу в БД.. insert_frames dbschema.py:92
2026-02-27T22:48:38.089710+0300 DEBUG Инфа о фрейме успешно загружена в БД! insert_frames dbschema.py:102
2026-02-27T22:48:38.090404+0300 DEBUG Отправляю путь фрейма в топик.. exctract_and_load_frames framer.py:32
2026-02-27T22:48:38.090404+0300 DEBUG Получено сообщение отправляю в топик Kafka = (ready_to_detect).. kafka_send kafkaproduce.py:6
2026-02-27T22:48:38.094182+0300 DEBUG Сообщение успешно отправлено в топик Kafka = (ready_to_detect) kafka_send kafkaproduce.py:8
2026-02-27T22:48:38.094692+0300 DEBUG Успшео отправлено в топик! exctract_and_load_frames framer.py:34
2026-02-27T22:48:38.155874+0300 DEBUG Получил данные пробую загрузить в Bucket = frames upload_file s3send.py:50
2026-02-27T22:48:38.861502+0300 DEBUG Файл успешно загружен в S3, Bucket = frames upload_file s3send.py:56
2026-02-27T22:48:38.861502+0300 DEBUG Получена ифна о фрейме, гружу в БД.. insert_frames dbschema.py:92
2026-02-27T22:48:39.003419+0300 DEBUG Инфа о фрейме успешно загружена в БД! insert_frames dbschema.py:102
2026-02-27T22:48:39.003419+0300 DEBUG Отправляю путь фрейма в топик.. exctract_and_load_frames framer.py:32
2026-02-27T22:48:39.003419+0300 DEBUG Получено сообщение отправляю в топик Kafka = (ready_to_detect).. kafka_send kafkaproduce.py:6
2026-02-27T22:48:39.012305+0300 DEBUG Сообщение успешно отправлено в топик Kafka = (ready_to_detect) kafka_send kafkaproduce.py:8
2026-02-27T22:48:39.012824+0300 DEBUG Успшео отправлено в топик! exctract_and_load_frames framer.py:34
2026-02-27T22:48:39.068088+0300 DEBUG Получил данные пробую загрузить в Bucket = frames upload_file s3send.py:50
2026-02-27T22:48:39.780149+0300 DEBUG Файл успешно загружен в S3, Bucket = frames upload_file s3send.py:56
2026-02-27T22:48:39.782874+0300 DEBUG Получена ифна о фрейме, гружу в БД.. insert_frames dbschema.py:92
2026-02-27T22:48:39.998605+0300 DEBUG Инфа о фрейме успешно загружена в БД! insert_frames dbschema.py:102
2026-02-27T22:48:39.998605+0300 DEBUG Отправляю путь фрейма в топик.. exctract_and_load_frames framer.py:32
2026-02-27T22:48:39.998605+0300 DEBUG Получено сообщение отправляю в топик Kafka = (ready_to_detect).. kafka_send kafkaproduce.py:6
2026-02-27T22:48:40.008912+0300 DEBUG Сообщение успешно отправлено в топик Kafka = (ready_to_detect) kafka_send kafkaproduce.py:8
2026-02-27T22:48:40.010582+0300 DEBUG Успшео отправлено в топик! exctract_and_load_frames framer.py:34
2026-02-27T22:48:40.064582+0300 DEBUG Получил данные пробую загрузить в Bucket = frames upload_file s3send.py:50
2026-02-27T22:48:40.400601+0300 DEBUG Файл успешно загружен в S3, Bucket = frames upload_file s3send.py:56
2026-02-27T22:48:40.402486+0300 DEBUG Получена ифна о фрейме, гружу в БД.. insert_frames dbschema.py:92
2026-02-27T22:48:40.506647+0300 DEBUG Инфа о фрейме успешно загружена в БД! insert_frames dbschema.py:102
2026-02-27T22:48:40.506647+0300 DEBUG Отправляю путь фрейма в топик.. exctract_and_load_frames framer.py:32
2026-02-27T22:48:40.507654+0300 DEBUG Получено сообщение отправляю в топик Kafka = (ready_to_detect).. kafka_send kafkaproduce.py:6
2026-02-27T22:48:40.510055+0300 DEBUG Сообщение успешно отправлено в топик Kafka = (ready_to_detect) kafka_send kafkaproduce.py:8
2026-02-27T22:48:40.510697+0300 DEBUG Успшео отправлено в топик! exctract_and_load_frames framer.py:34
2026-02-27T22:48:40.567271+0300 DEBUG Получил данные пробую загрузить в Bucket = frames upload_file s3send.py:50
2026-02-27T22:48:41.065721+0300 DEBUG Файл успешно загружен в S3, Bucket = frames upload_file s3send.py:56
2026-02-27T22:48:41.067191+0300 DEBUG Получена ифна о фрейме, гружу в БД.. insert_frames dbschema.py:92
2026-02-27T22:48:41.197652+0300 DEBUG Инфа о фрейме успешно загружена в БД! insert_frames dbschema.py:102
2026-02-27T22:48:41.197652+0300 DEBUG Отправляю путь фрейма в топик.. exctract_and_load_frames framer.py:32
2026-02-27T22:48:41.197652+0300 DEBUG Получено сообщение отправляю в топик Kafka = (ready_to_detect).. kafka_send kafkaproduce.py:6
2026-02-27T22:48:41.204388+0300 DEBUG Сообщение успешно отправлено в топик Kafka = (ready_to_detect) kafka_send kafkaproduce.py:8
2026-02-27T22:48:41.204925+0300 DEBUG Успшео отправлено в топик! exctract_and_load_frames framer.py:34
2026-02-27T22:48:41.253577+0300 DEBUG Получил данные пробую загрузить в Bucket = frames upload_file s3send.py:50
2026-02-27T22:48:41.700324+0300 DEBUG Файл успешно загружен в S3, Bucket = frames upload_file s3send.py:56
2026-02-27T22:48:41.702224+0300 DEBUG Получена ифна о фрейме, гружу в БД.. insert_frames dbschema.py:92
2026-02-27T22:48:41.908894+0300 DEBUG Инфа о фрейме успешно загружена в БД! insert_frames dbschema.py:102
2026-02-27T22:48:41.908894+0300 DEBUG Отправляю путь фрейма в топик.. exctract_and_load_frames framer.py:32
2026-02-27T22:48:41.908894+0300 DEBUG Получено сообщение отправляю в топик Kafka = (ready_to_detect).. kafka_send kafkaproduce.py:6
2026-02-27T22:48:42.038260+0300 DEBUG Сообщение успешно отправлено в топик Kafka = (ready_to_detect) kafka_send kafkaproduce.py:8
2026-02-27T22:48:42.038873+0300 DEBUG Успшео отправлено в топик! exctract_and_load_frames framer.py:34
2026-02-27T22:48:42.155483+0300 DEBUG Получил данные пробую загрузить в Bucket = frames upload_file s3send.py:50
2026-02-27T22:48:42.761418+0300 DEBUG Файл успешно загружен в S3, Bucket = frames upload_file s3send.py:56
2026-02-27T22:48:42.763896+0300 DEBUG Получена ифна о фрейме, гружу в БД.. insert_frames dbschema.py:92
2026-02-27T22:48:42.902652+0300 DEBUG Инфа о фрейме успешно загружена в БД! insert_frames dbschema.py:102
2026-02-27T22:48:42.902652+0300 DEBUG Отправляю путь фрейма в топик.. exctract_and_load_frames framer.py:32
2026-02-27T22:48:42.902652+0300 DEBUG Получено сообщение отправляю в топик Kafka = (ready_to_detect).. kafka_send kafkaproduce.py:6
2026-02-27T22:48:42.911163+0300 DEBUG Сообщение успешно отправлено в топик Kafka = (ready_to_detect) kafka_send kafkaproduce.py:8
2026-02-27T22:48:42.911779+0300 DEBUG Успшео отправлено в топик! exctract_and_load_frames framer.py:34
2026-02-27T22:48:42.962828+0300 DEBUG Получил данные пробую загрузить в Bucket = frames upload_file s3send.py:50
2026-02-27T22:48:43.410297+0300 DEBUG Файл успешно загружен в S3, Bucket = frames upload_file s3send.py:56
2026-02-27T22:48:43.418666+0300 DEBUG Получена ифна о фрейме, гружу в БД.. insert_frames dbschema.py:92
2026-02-27T22:48:43.674593+0300 DEBUG Инфа о фрейме успешно загружена в БД! insert_frames dbschema.py:102
2026-02-27T22:48:43.674593+0300 DEBUG Отправляю путь фрейма в топик.. exctract_and_load_frames framer.py:32
2026-02-27T22:48:43.675595+0300 DEBUG Получено сообщение отправляю в топик Kafka = (ready_to_detect).. kafka_send kafkaproduce.py:6
2026-02-27T22:48:43.678361+0300 DEBUG Сообщение успешно отправлено в топик Kafka = (ready_to_detect) kafka_send kafkaproduce.py:8
2026-02-27T22:48:43.678907+0300 DEBUG Успшео отправлено в топик! exctract_and_load_frames framer.py:34
2026-02-27T22:48:43.731582+0300 DEBUG Получил данные пробую загрузить в Bucket = frames upload_file s3send.py:50
2026-02-27T22:48:44.238612+0300 DEBUG Файл успешно загружен в S3, Bucket = frames upload_file s3send.py:56
2026-02-27T22:48:44.240126+0300 DEBUG Получена ифна о фрейме, гружу в БД.. insert_frames dbschema.py:92
2026-02-27T22:48:44.478235+0300 DEBUG Инфа о фрейме успешно загружена в БД! insert_frames dbschema.py:102
2026-02-27T22:48:44.478235+0300 DEBUG Отправляю путь фрейма в топик.. exctract_and_load_frames framer.py:32
2026-02-27T22:48:44.479042+0300 DEBUG Получено сообщение отправляю в топик Kafka = (ready_to_detect).. kafka_send kafkaproduce.py:6
2026-02-27T22:48:44.482118+0300 DEBUG Сообщение успешно отправлено в топик Kafka = (ready_to_detect) kafka_send kafkaproduce.py:8
2026-02-27T22:48:44.482728+0300 DEBUG Успшео отправлено в топик! exctract_and_load_frames framer.py:34
2026-02-27T22:48:44.530767+0300 DEBUG Получил данные пробую загрузить в Bucket = frames upload_file s3send.py:50
2026-02-27T22:48:45.043875+0300 DEBUG Файл успешно загружен в S3, Bucket = frames upload_file s3send.py:56
2026-02-27T22:48:45.045456+0300 DEBUG Получена ифна о фрейме, гружу в БД.. insert_frames dbschema.py:92
2026-02-27T22:48:45.269574+0300 DEBUG Инфа о фрейме успешно загружена в БД! insert_frames dbschema.py:102
2026-02-27T22:48:45.270090+0300 DEBUG Отправляю путь фрейма в топик.. exctract_and_load_frames framer.py:32
2026-02-27T22:48:45.270609+0300 DEBUG Получено сообщение отправляю в топик Kafka = (ready_to_detect).. kafka_send kafkaproduce.py:6
2026-02-27T22:48:45.273279+0300 DEBUG Сообщение успешно отправлено в топик Kafka = (ready_to_detect) kafka_send kafkaproduce.py:8
2026-02-27T22:48:45.273895+0300 DEBUG Успшео отправлено в топик! exctract_and_load_frames framer.py:34
2026-02-27T22:48:45.332922+0300 DEBUG Получил данные пробую загрузить в Bucket = frames upload_file s3send.py:50
2026-02-27T22:48:45.692143+0300 DEBUG Файл успешно загружен в S3, Bucket = frames upload_file s3send.py:56
2026-02-27T22:48:45.694549+0300 DEBUG Получена ифна о фрейме, гружу в БД.. insert_frames dbschema.py:92
2026-02-27T22:48:45.933394+0300 DEBUG Инфа о фрейме успешно загружена в БД! insert_frames dbschema.py:102
2026-02-27T22:48:45.933394+0300 DEBUG Отправляю путь фрейма в топик.. exctract_and_load_frames framer.py:32
2026-02-27T22:48:45.933394+0300 DEBUG Получено сообщение отправляю в топик Kafka = (ready_to_detect).. kafka_send kafkaproduce.py:6
2026-02-27T22:48:45.939705+0300 DEBUG Сообщение успешно отправлено в топик Kafka = (ready_to_detect) kafka_send kafkaproduce.py:8
2026-02-27T22:48:45.940248+0300 DEBUG Успшео отправлено в топик! exctract_and_load_frames framer.py:34
2026-02-27T22:48:45.984954+0300 DEBUG Получил данные пробую загрузить в Bucket = frames upload_file s3send.py:50
2026-02-27T22:48:46.494263+0300 DEBUG Файл успешно загружен в S3, Bucket = frames upload_file s3send.py:56
2026-02-27T22:48:46.495318+0300 DEBUG Получена ифна о фрейме, гружу в БД.. insert_frames dbschema.py:92
2026-02-27T22:48:46.771933+0300 DEBUG Инфа о фрейме успешно загружена в БД! insert_frames dbschema.py:102
2026-02-27T22:48:46.772496+0300 DEBUG Отправляю путь фрейма в топик.. exctract_and_load_frames framer.py:32
2026-02-27T22:48:46.772496+0300 DEBUG Получено сообщение отправляю в топик Kafka = (ready_to_detect).. kafka_send kafkaproduce.py:6
2026-02-27T22:48:46.775267+0300 DEBUG Сообщение успешно отправлено в топик Kafka = (ready_to_detect) kafka_send kafkaproduce.py:8
2026-02-27T22:48:46.775803+0300 DEBUG Успшео отправлено в топик! exctract_and_load_frames framer.py:34
2026-02-27T22:48:46.830209+0300 DEBUG Получил данные пробую загрузить в Bucket = frames upload_file s3send.py:50
2026-02-27T22:48:47.427779+0300 DEBUG Файл успешно загружен в S3, Bucket = frames upload_file s3send.py:56
2026-02-27T22:48:47.429211+0300 DEBUG Получена ифна о фрейме, гружу в БД.. insert_frames dbschema.py:92
2026-02-27T22:48:47.707729+0300 DEBUG Инфа о фрейме успешно загружена в БД! insert_frames dbschema.py:102
2026-02-27T22:48:47.708730+0300 DEBUG Отправляю путь фрейма в топик.. exctract_and_load_frames framer.py:32
2026-02-27T22:48:47.708730+0300 DEBUG Получено сообщение отправляю в топик Kafka = (ready_to_detect).. kafka_send kafkaproduce.py:6
2026-02-27T22:48:47.712422+0300 DEBUG Сообщение успешно отправлено в топик Kafka = (ready_to_detect) kafka_send kafkaproduce.py:8
2026-02-27T22:48:47.712422+0300 DEBUG Успшео отправлено в топик! exctract_and_load_frames framer.py:34
2026-02-27T22:48:47.768608+0300 DEBUG Получил данные пробую загрузить в Bucket = frames upload_file s3send.py:50
2026-02-27T22:48:48.586213+0300 DEBUG Файл успешно загружен в S3, Bucket = frames upload_file s3send.py:56
2026-02-27T22:48:48.588257+0300 DEBUG Получена ифна о фрейме, гружу в БД.. insert_frames dbschema.py:92
2026-02-27T22:48:48.799056+0300 DEBUG Инфа о фрейме успешно загружена в БД! insert_frames dbschema.py:102
2026-02-27T22:48:48.799056+0300 DEBUG Отправляю путь фрейма в топик.. exctract_and_load_frames framer.py:32
2026-02-27T22:48:48.799056+0300 DEBUG Получено сообщение отправляю в топик Kafka = (ready_to_detect).. kafka_send kafkaproduce.py:6
2026-02-27T22:48:48.801946+0300 DEBUG Сообщение успешно отправлено в топик Kafka = (ready_to_detect) kafka_send kafkaproduce.py:8
2026-02-27T22:48:48.802666+0300 DEBUG Успшео отправлено в топик! exctract_and_load_frames framer.py:34
2026-02-27T22:48:48.856676+0300 DEBUG Получил данные пробую загрузить в Bucket = frames upload_file s3send.py:50
2026-02-27T22:48:50.045110+0300 DEBUG Файл успешно загружен в S3, Bucket = frames upload_file s3send.py:56
2026-02-27T22:48:50.045110+0300 DEBUG Получена ифна о фрейме, гружу в БД.. insert_frames dbschema.py:92
2026-02-27T22:48:50.338464+0300 DEBUG Инфа о фрейме успешно загружена в БД! insert_frames dbschema.py:102
2026-02-27T22:48:50.338464+0300 DEBUG Отправляю путь фрейма в топик.. exctract_and_load_frames framer.py:32
2026-02-27T22:48:50.339256+0300 DEBUG Получено сообщение отправляю в топик Kafka = (ready_to_detect).. kafka_send kafkaproduce.py:6
2026-02-27T22:48:50.342239+0300 DEBUG Сообщение успешно отправлено в топик Kafka = (ready_to_detect) kafka_send kafkaproduce.py:8
2026-02-27T22:48:50.342743+0300 DEBUG Успшео отправлено в топик! exctract_and_load_frames framer.py:34
2026-02-27T22:48:50.397455+0300 DEBUG Получил данные пробую загрузить в Bucket = frames upload_file s3send.py:50
2026-02-27T22:48:50.921753+0300 DEBUG Файл успешно загружен в S3, Bucket = frames upload_file s3send.py:56
2026-02-27T22:48:50.923753+0300 DEBUG Получена ифна о фрейме, гружу в БД.. insert_frames dbschema.py:92
2026-02-27T22:48:51.127808+0300 DEBUG Инфа о фрейме успешно загружена в БД! insert_frames dbschema.py:102
2026-02-27T22:48:51.128813+0300 DEBUG Отправляю путь фрейма в топик.. exctract_and_load_frames framer.py:32
2026-02-27T22:48:51.128813+0300 DEBUG Получено сообщение отправляю в топик Kafka = (ready_to_detect).. kafka_send kafkaproduce.py:6
2026-02-27T22:48:51.131807+0300 DEBUG Сообщение успешно отправлено в топик Kafka = (ready_to_detect) kafka_send kafkaproduce.py:8
2026-02-27T22:48:51.132356+0300 DEBUG Успшео отправлено в топик! exctract_and_load_frames framer.py:34
2026-02-27T22:48:51.183414+0300 DEBUG Получил данные пробую загрузить в Bucket = frames upload_file s3send.py:50
2026-02-27T22:48:51.899827+0300 DEBUG Файл успешно загружен в S3, Bucket = frames upload_file s3send.py:56
2026-02-27T22:48:51.901830+0300 DEBUG Получена ифна о фрейме, гружу в БД.. insert_frames dbschema.py:92
2026-02-27T22:48:52.175818+0300 DEBUG Инфа о фрейме успешно загружена в БД! insert_frames dbschema.py:102
2026-02-27T22:48:52.178078+0300 DEBUG Отправляю путь фрейма в топик.. exctract_and_load_frames framer.py:32
2026-02-27T22:48:52.178078+0300 DEBUG Получено сообщение отправляю в топик Kafka = (ready_to_detect).. kafka_send kafkaproduce.py:6
2026-02-27T22:48:52.180972+0300 DEBUG Сообщение успешно отправлено в топик Kafka = (ready_to_detect) kafka_send kafkaproduce.py:8
2026-02-27T22:48:52.181480+0300 DEBUG Успшео отправлено в топик! exctract_and_load_frames framer.py:34
2026-02-27T22:48:52.235205+0300 DEBUG Получил данные пробую загрузить в Bucket = frames upload_file s3send.py:50
2026-02-27T22:48:53.400687+0300 DEBUG Файл успешно загружен в S3, Bucket = frames upload_file s3send.py:56
2026-02-27T22:48:53.402982+0300 DEBUG Получена ифна о фрейме, гружу в БД.. insert_frames dbschema.py:92
2026-02-27T22:48:53.679447+0300 DEBUG Инфа о фрейме успешно загружена в БД! insert_frames dbschema.py:102
2026-02-27T22:48:53.681609+0300 DEBUG Отправляю путь фрейма в топик.. exctract_and_load_frames framer.py:32
2026-02-27T22:48:53.682629+0300 DEBUG Получено сообщение отправляю в топик Kafka = (ready_to_detect).. kafka_send kafkaproduce.py:6
2026-02-27T22:48:53.685835+0300 DEBUG Сообщение успешно отправлено в топик Kafka = (ready_to_detect) kafka_send kafkaproduce.py:8
2026-02-27T22:48:53.686375+0300 DEBUG Успшео отправлено в топик! exctract_and_load_frames framer.py:34
2026-02-27T22:48:53.731629+0300 DEBUG Получил данные пробую загрузить в Bucket = frames upload_file s3send.py:50
2026-02-27T22:48:54.439711+0300 DEBUG Файл успешно загружен в S3, Bucket = frames upload_file s3send.py:56
2026-02-27T22:48:54.439711+0300 DEBUG Получена ифна о фрейме, гружу в БД.. insert_frames dbschema.py:92
2026-02-27T22:48:54.719969+0300 DEBUG Инфа о фрейме успешно загружена в БД! insert_frames dbschema.py:102
2026-02-27T22:48:54.719969+0300 DEBUG Отправляю путь фрейма в топик.. exctract_and_load_frames framer.py:32
2026-02-27T22:48:54.719969+0300 DEBUG Получено сообщение отправляю в топик Kafka = (ready_to_detect).. kafka_send kafkaproduce.py:6
2026-02-27T22:48:54.724376+0300 DEBUG Сообщение успешно отправлено в топик Kafka = (ready_to_detect) kafka_send kafkaproduce.py:8
2026-02-27T22:48:54.724882+0300 DEBUG Успшео отправлено в топик! exctract_and_load_frames framer.py:34
2026-02-27T22:48:54.772025+0300 DEBUG Получил данные пробую загрузить в Bucket = frames upload_file s3send.py:50
2026-02-27T22:48:55.356609+0300 DEBUG Файл успешно загружен в S3, Bucket = frames upload_file s3send.py:56
2026-02-27T22:48:55.356609+0300 DEBUG Получена ифна о фрейме, гружу в БД.. insert_frames dbschema.py:92
2026-02-27T22:48:55.512853+0300 DEBUG Инфа о фрейме успешно загружена в БД! insert_frames dbschema.py:102
2026-02-27T22:48:55.512853+0300 DEBUG Отправляю путь фрейма в топик.. exctract_and_load_frames framer.py:32
2026-02-27T22:48:55.513722+0300 DEBUG Получено сообщение отправляю в топик Kafka = (ready_to_detect).. kafka_send kafkaproduce.py:6
2026-02-27T22:48:55.516812+0300 DEBUG Сообщение успешно отправлено в топик Kafka = (ready_to_detect) kafka_send kafkaproduce.py:8
2026-02-27T22:48:55.517318+0300 DEBUG Успшео отправлено в топик! exctract_and_load_frames framer.py:34
2026-02-27T22:48:55.577100+0300 DEBUG Получил данные пробую загрузить в Bucket = frames upload_file s3send.py:50
2026-02-27T22:48:56.484097+0300 DEBUG Файл успешно загружен в S3, Bucket = frames upload_file s3send.py:56
2026-02-27T22:48:56.484097+0300 DEBUG Получена ифна о фрейме, гружу в БД.. insert_frames dbschema.py:92
2026-02-27T22:48:56.882902+0300 DEBUG Инфа о фрейме успешно загружена в БД! insert_frames dbschema.py:102
2026-02-27T22:48:56.883451+0300 DEBUG Отправляю путь фрейма в топик.. exctract_and_load_frames framer.py:32
2026-02-27T22:48:56.883451+0300 DEBUG Получено сообщение отправляю в топик Kafka = (ready_to_detect).. kafka_send kafkaproduce.py:6
2026-02-27T22:48:56.929377+0300 DEBUG Сообщение успешно отправлено в топик Kafka = (ready_to_detect) kafka_send kafkaproduce.py:8
2026-02-27T22:48:56.929377+0300 DEBUG Успшео отправлено в топик! exctract_and_load_frames framer.py:34
2026-02-27T22:48:56.984479+0300 DEBUG Получил данные пробую загрузить в Bucket = frames upload_file s3send.py:50
2026-02-27T22:48:57.770961+0300 DEBUG Файл успешно загружен в S3, Bucket = frames upload_file s3send.py:56
2026-02-27T22:48:57.770961+0300 DEBUG Получена ифна о фрейме, гружу в БД.. insert_frames dbschema.py:92
2026-02-27T22:48:58.113909+0300 DEBUG Инфа о фрейме успешно загружена в БД! insert_frames dbschema.py:102
2026-02-27T22:48:58.113909+0300 DEBUG Отправляю путь фрейма в топик.. exctract_and_load_frames framer.py:32
2026-02-27T22:48:58.113909+0300 DEBUG Получено сообщение отправляю в топик Kafka = (ready_to_detect).. kafka_send kafkaproduce.py:6
2026-02-27T22:48:58.117830+0300 DEBUG Сообщение успешно отправлено в топик Kafka = (ready_to_detect) kafka_send kafkaproduce.py:8
2026-02-27T22:48:58.118334+0300 DEBUG Успшео отправлено в топик! exctract_and_load_frames framer.py:34
2026-02-27T22:48:58.165649+0300 DEBUG Получил данные пробую загрузить в Bucket = frames upload_file s3send.py:50
2026-02-27T22:48:58.797981+0300 DEBUG Файл успешно загружен в S3, Bucket = frames upload_file s3send.py:56
2026-02-27T22:48:58.799532+0300 DEBUG Получена ифна о фрейме, гружу в БД.. insert_frames dbschema.py:92
2026-02-27T22:48:59.105313+0300 DEBUG Инфа о фрейме успешно загружена в БД! insert_frames dbschema.py:102
2026-02-27T22:48:59.105313+0300 DEBUG Отправляю путь фрейма в топик.. exctract_and_load_frames framer.py:32
2026-02-27T22:48:59.105313+0300 DEBUG Получено сообщение отправляю в топик Kafka = (ready_to_detect).. kafka_send kafkaproduce.py:6
2026-02-27T22:48:59.115815+0300 DEBUG Сообщение успешно отправлено в топик Kafka = (ready_to_detect) kafka_send kafkaproduce.py:8
2026-02-27T22:48:59.116474+0300 DEBUG Успшео отправлено в топик! exctract_and_load_frames framer.py:34
2026-02-27T22:48:59.174562+0300 DEBUG Получил данные пробую загрузить в Bucket = frames upload_file s3send.py:50
2026-02-27T22:48:59.894853+0300 DEBUG Файл успешно загружен в S3, Bucket = frames upload_file s3send.py:56
2026-02-27T22:48:59.899659+0300 DEBUG Получена ифна о фрейме, гружу в БД.. insert_frames dbschema.py:92
2026-02-27T22:49:00.265711+0300 DEBUG Инфа о фрейме успешно загружена в БД! insert_frames dbschema.py:102
2026-02-27T22:49:00.265711+0300 DEBUG Отправляю путь фрейма в топик.. exctract_and_load_frames framer.py:32
2026-02-27T22:49:00.265711+0300 DEBUG Получено сообщение отправляю в топик Kafka = (ready_to_detect).. kafka_send kafkaproduce.py:6
2026-02-27T22:49:00.278575+0300 DEBUG Сообщение успешно отправлено в топик Kafka = (ready_to_detect) kafka_send kafkaproduce.py:8
2026-02-27T22:49:00.279114+0300 DEBUG Успшео отправлено в топик! exctract_and_load_frames framer.py:34
2026-02-27T22:49:00.339552+0300 DEBUG Получил данные пробую загрузить в Bucket = frames upload_file s3send.py:50
2026-02-27T22:49:01.172996+0300 DEBUG Файл успешно загружен в S3, Bucket = frames upload_file s3send.py:56
2026-02-27T22:49:01.173557+0300 DEBUG Получена ифна о фрейме, гружу в БД.. insert_frames dbschema.py:92
2026-02-27T22:49:01.559174+0300 DEBUG Инфа о фрейме успешно загружена в БД! insert_frames dbschema.py:102
2026-02-27T22:49:01.559174+0300 DEBUG Отправляю путь фрейма в топик.. exctract_and_load_frames framer.py:32
2026-02-27T22:49:01.559174+0300 DEBUG Получено сообщение отправляю в топик Kafka = (ready_to_detect).. kafka_send kafkaproduce.py:6
2026-02-27T22:49:01.569141+0300 DEBUG Сообщение успешно отправлено в топик Kafka = (ready_to_detect) kafka_send kafkaproduce.py:8
2026-02-27T22:49:01.569672+0300 DEBUG Успшео отправлено в топик! exctract_and_load_frames framer.py:34
2026-02-27T22:49:01.626047+0300 DEBUG Получил данные пробую загрузить в Bucket = frames upload_file s3send.py:50
2026-02-27T22:49:02.089924+0300 DEBUG Файл успешно загружен в S3, Bucket = frames upload_file s3send.py:56
2026-02-27T22:49:02.089924+0300 DEBUG Получена ифна о фрейме, гружу в БД.. insert_frames dbschema.py:92
2026-02-27T22:49:02.373947+0300 DEBUG Инфа о фрейме успешно загружена в БД! insert_frames dbschema.py:102
2026-02-27T22:49:02.374505+0300 DEBUG Отправляю путь фрейма в топик.. exctract_and_load_frames framer.py:32
2026-02-27T22:49:02.375016+0300 DEBUG Получено сообщение отправляю в топик Kafka = (ready_to_detect).. kafka_send kafkaproduce.py:6
2026-02-27T22:49:02.377469+0300 DEBUG Сообщение успешно отправлено в топик Kafka = (ready_to_detect) kafka_send kafkaproduce.py:8
2026-02-27T22:49:02.377469+0300 DEBUG Успшео отправлено в топик! exctract_and_load_frames framer.py:34
2026-02-27T22:49:02.428876+0300 DEBUG Получил данные пробую загрузить в Bucket = frames upload_file s3send.py:50
2026-02-27T22:49:03.016993+0300 DEBUG Файл успешно загружен в S3, Bucket = frames upload_file s3send.py:56
2026-02-27T22:49:03.016993+0300 DEBUG Получена ифна о фрейме, гружу в БД.. insert_frames dbschema.py:92
2026-02-27T22:49:03.186670+0300 DEBUG Инфа о фрейме успешно загружена в БД! insert_frames dbschema.py:102
2026-02-27T22:49:03.186670+0300 DEBUG Отправляю путь фрейма в топик.. exctract_and_load_frames framer.py:32
2026-02-27T22:49:03.186670+0300 DEBUG Получено сообщение отправляю в топик Kafka = (ready_to_detect).. kafka_send kafkaproduce.py:6
2026-02-27T22:49:03.190481+0300 DEBUG Сообщение успешно отправлено в топик Kafka = (ready_to_detect) kafka_send kafkaproduce.py:8
2026-02-27T22:49:03.191108+0300 DEBUG Успшео отправлено в топик! exctract_and_load_frames framer.py:34
2026-02-27T22:49:03.245136+0300 DEBUG Получил данные пробую загрузить в Bucket = frames upload_file s3send.py:50
2026-02-27T22:49:03.752805+0300 DEBUG Файл успешно загружен в S3, Bucket = frames upload_file s3send.py:56
2026-02-27T22:49:03.754939+0300 DEBUG Получена ифна о фрейме, гружу в БД.. insert_frames dbschema.py:92
2026-02-27T22:49:04.022846+0300 DEBUG Инфа о фрейме успешно загружена в БД! insert_frames dbschema.py:102
2026-02-27T22:49:04.022846+0300 DEBUG Отправляю путь фрейма в топик.. exctract_and_load_frames framer.py:32
2026-02-27T22:49:04.022846+0300 DEBUG Получено сообщение отправляю в топик Kafka = (ready_to_detect).. kafka_send kafkaproduce.py:6
2026-02-27T22:49:04.026594+0300 DEBUG Сообщение успешно отправлено в топик Kafka = (ready_to_detect) kafka_send kafkaproduce.py:8
2026-02-27T22:49:04.027100+0300 DEBUG Успшео отправлено в топик! exctract_and_load_frames framer.py:34
2026-02-27T22:49:04.107461+0300 DEBUG Получил данные пробую загрузить в Bucket = frames upload_file s3send.py:50
2026-02-27T22:49:04.800361+0300 DEBUG Файл успешно загружен в S3, Bucket = frames upload_file s3send.py:56
2026-02-27T22:49:04.803300+0300 DEBUG Получена ифна о фрейме, гружу в БД.. insert_frames dbschema.py:92
2026-02-27T22:49:04.979319+0300 DEBUG Инфа о фрейме успешно загружена в БД! insert_frames dbschema.py:102
2026-02-27T22:49:04.979851+0300 DEBUG Отправляю путь фрейма в топик.. exctract_and_load_frames framer.py:32
2026-02-27T22:49:04.979851+0300 DEBUG Получено сообщение отправляю в топик Kafka = (ready_to_detect).. kafka_send kafkaproduce.py:6
2026-02-27T22:49:04.982712+0300 DEBUG Сообщение успешно отправлено в топик Kafka = (ready_to_detect) kafka_send kafkaproduce.py:8
2026-02-27T22:49:04.983446+0300 DEBUG Успшео отправлено в топик! exctract_and_load_frames framer.py:34
2026-02-27T22:49:05.043571+0300 DEBUG Получил данные пробую загрузить в Bucket = frames upload_file s3send.py:50
2026-02-27T22:49:05.510852+0300 DEBUG Файл успешно загружен в S3, Bucket = frames upload_file s3send.py:56
2026-02-27T22:49:05.514042+0300 DEBUG Получена ифна о фрейме, гружу в БД.. insert_frames dbschema.py:92
2026-02-27T22:49:05.836083+0300 DEBUG Инфа о фрейме успешно загружена в БД! insert_frames dbschema.py:102
2026-02-27T22:49:05.836898+0300 DEBUG Отправляю путь фрейма в топик.. exctract_and_load_frames framer.py:32
2026-02-27T22:49:05.836898+0300 DEBUG Получено сообщение отправляю в топик Kafka = (ready_to_detect).. kafka_send kafkaproduce.py:6
2026-02-27T22:49:05.840530+0300 DEBUG Сообщение успешно отправлено в топик Kafka = (ready_to_detect) kafka_send kafkaproduce.py:8
2026-02-27T22:49:05.840530+0300 DEBUG Успшео отправлено в топик! exctract_and_load_frames framer.py:34
2026-02-27T22:49:05.891285+0300 DEBUG Получил данные пробую загрузить в Bucket = frames upload_file s3send.py:50
2026-02-27T22:49:06.309144+0300 DEBUG Файл успешно загружен в S3, Bucket = frames upload_file s3send.py:56
2026-02-27T22:49:06.309144+0300 DEBUG Получена ифна о фрейме, гружу в БД.. insert_frames dbschema.py:92
2026-02-27T22:49:06.616226+0300 DEBUG Инфа о фрейме успешно загружена в БД! insert_frames dbschema.py:102
2026-02-27T22:49:06.626302+0300 DEBUG Отправляю путь фрейма в топик.. exctract_and_load_frames framer.py:32
2026-02-27T22:49:06.626302+0300 DEBUG Получено сообщение отправляю в топик Kafka = (ready_to_detect).. kafka_send kafkaproduce.py:6
2026-02-27T22:49:06.629465+0300 DEBUG Сообщение успешно отправлено в топик Kafka = (ready_to_detect) kafka_send kafkaproduce.py:8
2026-02-27T22:49:06.630098+0300 DEBUG Успшео отправлено в топик! exctract_and_load_frames framer.py:34
2026-02-27T22:49:06.700592+0300 DEBUG Фреймы нарезаны и успешно загружены в S3 и инфа о всех в БД orkestr_func orkestr.py:33
2026-02-27T22:49:06.701131+0300 DEBUG Видео и все его фреймы успешно обработаны (S3, БД)! upload_video post.py:43
2026-02-27T22:49:33.257224+0300 DEBUG Получено сообщение из Kafka = (frame_detected) о обработанном фрейме, меняю статус.. video_detected kafkaconsume.py:8
2026-02-27T22:49:33.257224+0300 DEBUG Получил из очереди о том что фрейм детектирован, обновляю статус.. update_status_frames dbschema.py:112
2026-02-27T22:49:33.902453+0300 DEBUG Статус успешно изменен. video_detected kafkaconsume.py:10
2026-02-27T22:49:34.737881+0300 DEBUG Получено сообщение из Kafka = (frame_detected) о обработанном фрейме, меняю статус.. video_detected kafkaconsume.py:8
2026-02-27T22:49:34.738397+0300 DEBUG Получил из очереди о том что фрейм детектирован, обновляю статус.. update_status_frames dbschema.py:112
2026-02-27T22:49:34.808901+0300 DEBUG Статус успешно изменен. video_detected kafkaconsume.py:10
2026-02-27T22:49:44.427834+0300 DEBUG Получено сообщение из Kafka = (frame_detected) о обработанном фрейме, меняю статус.. video_detected kafkaconsume.py:8
2026-02-27T22:49:44.428449+0300 DEBUG Получил из очереди о том что фрейм детектирован, обновляю статус.. update_status_frames dbschema.py:112
2026-02-27T22:49:44.513707+0300 DEBUG Статус успешно изменен. video_detected kafkaconsume.py:10
2026-02-27T22:49:48.346323+0300 DEBUG Получено сообщение из Kafka = (frame_detected) о обработанном фрейме, меняю статус.. video_detected kafkaconsume.py:8
2026-02-27T22:49:48.346323+0300 DEBUG Получил из очереди о том что фрейм детектирован, обновляю статус.. update_status_frames dbschema.py:112
2026-02-27T22:49:48.376402+0300 DEBUG Статус успешно изменен. video_detected kafkaconsume.py:10
2026-02-27T22:49:52.727602+0300 DEBUG Получено сообщение из Kafka = (frame_detected) о обработанном фрейме, меняю статус.. video_detected kafkaconsume.py:8
2026-02-27T22:49:52.727602+0300 DEBUG Получил из очереди о том что фрейм детектирован, обновляю статус.. update_status_frames dbschema.py:112
2026-02-27T22:49:52.823564+0300 DEBUG Статус успешно изменен. video_detected kafkaconsume.py:10
2026-02-27T22:49:57.976477+0300 DEBUG Получено сообщение из Kafka = (frame_detected) о обработанном фрейме, меняю статус.. video_detected kafkaconsume.py:8
2026-02-27T22:49:57.976477+0300 DEBUG Получил из очереди о том что фрейм детектирован, обновляю статус.. update_status_frames dbschema.py:112
2026-02-27T22:49:58.004894+0300 DEBUG Статус успешно изменен. video_detected kafkaconsume.py:10
2026-02-27T22:50:01.847839+0300 DEBUG Получено сообщение из Kafka = (frame_detected) о обработанном фрейме, меняю статус.. video_detected kafkaconsume.py:8
2026-02-27T22:50:01.848400+0300 DEBUG Получил из очереди о том что фрейм детектирован, обновляю статус.. update_status_frames dbschema.py:112
2026-02-27T22:50:01.981405+0300 DEBUG Статус успешно изменен. video_detected kafkaconsume.py:10
2026-02-27T22:50:07.214494+0300 DEBUG Получено сообщение из Kafka = (frame_detected) о обработанном фрейме, меняю статус.. video_detected kafkaconsume.py:8
2026-02-27T22:50:07.215013+0300 DEBUG Получил из очереди о том что фрейм детектирован, обновляю статус.. update_status_frames dbschema.py:112
2026-02-27T22:50:07.418430+0300 DEBUG Статус успешно изменен. video_detected kafkaconsume.py:10
2026-02-27T22:50:10.842024+0300 DEBUG Получено сообщение из Kafka = (frame_detected) о обработанном фрейме, меняю статус.. video_detected kafkaconsume.py:8
2026-02-27T22:50:10.842555+0300 DEBUG Получил из очереди о том что фрейм детектирован, обновляю статус.. update_status_frames dbschema.py:112
2026-02-27T22:50:10.873063+0300 DEBUG Статус успешно изменен. video_detected kafkaconsume.py:10
2026-02-27T22:50:15.554412+0300 DEBUG Получено сообщение из Kafka = (frame_detected) о обработанном фрейме, меняю статус.. video_detected kafkaconsume.py:8
2026-02-27T22:50:15.554926+0300 DEBUG Получил из очереди о том что фрейм детектирован, обновляю статус.. update_status_frames dbschema.py:112
2026-02-27T22:50:15.773432+0300 DEBUG Статус успешно изменен. video_detected kafkaconsume.py:10
2026-02-27T22:50:20.782335+0300 DEBUG Получено сообщение из Kafka = (frame_detected) о обработанном фрейме, меняю статус.. video_detected kafkaconsume.py:8
2026-02-27T22:50:20.782927+0300 DEBUG Получил из очереди о том что фрейм детектирован, обновляю статус.. update_status_frames dbschema.py:112
2026-02-27T22:50:20.822077+0300 DEBUG Статус успешно изменен. video_detected kafkaconsume.py:10
2026-02-27T22:50:24.787869+0300 DEBUG Получено сообщение из Kafka = (frame_detected) о обработанном фрейме, меняю статус.. video_detected kafkaconsume.py:8
2026-02-27T22:50:24.788743+0300 DEBUG Получил из очереди о том что фрейм детектирован, обновляю статус.. update_status_frames dbschema.py:112
2026-02-27T22:50:24.838088+0300 DEBUG Статус успешно изменен. video_detected kafkaconsume.py:10
2026-02-27T22:50:29.258483+0300 DEBUG Получено сообщение из Kafka = (frame_detected) о обработанном фрейме, меняю статус.. video_detected kafkaconsume.py:8
2026-02-27T22:50:29.258483+0300 DEBUG Получил из очереди о том что фрейм детектирован, обновляю статус.. update_status_frames dbschema.py:112
2026-02-27T22:50:29.318702+0300 DEBUG Статус успешно изменен. video_detected kafkaconsume.py:10
2026-02-27T22:50:33.052424+0300 DEBUG Получено сообщение из Kafka = (frame_detected) о обработанном фрейме, меняю статус.. video_detected kafkaconsume.py:8
2026-02-27T22:50:33.052955+0300 DEBUG Получил из очереди о том что фрейм детектирован, обновляю статус.. update_status_frames dbschema.py:112
2026-02-27T22:50:33.263706+0300 DEBUG Статус успешно изменен. video_detected kafkaconsume.py:10
2026-02-27T22:50:37.849834+0300 DEBUG Получено сообщение из Kafka = (frame_detected) о обработанном фрейме, меняю статус.. video_detected kafkaconsume.py:8
2026-02-27T22:50:37.850388+0300 DEBUG Получил из очереди о том что фрейм детектирован, обновляю статус.. update_status_frames dbschema.py:112
2026-02-27T22:50:37.880544+0300 DEBUG Статус успешно изменен. video_detected kafkaconsume.py:10
2026-02-27T22:50:42.396482+0300 DEBUG Получено сообщение из Kafka = (frame_detected) о обработанном фрейме, меняю статус.. video_detected kafkaconsume.py:8
2026-02-27T22:50:42.397000+0300 DEBUG Получил из очереди о том что фрейм детектирован, обновляю статус.. update_status_frames dbschema.py:112
2026-02-27T22:50:42.571988+0300 DEBUG Статус успешно изменен. video_detected kafkaconsume.py:10
2026-02-27T22:50:46.546733+0300 DEBUG Получено сообщение из Kafka = (frame_detected) о обработанном фрейме, меняю статус.. video_detected kafkaconsume.py:8
2026-02-27T22:50:46.546733+0300 DEBUG Получил из очереди о том что фрейм детектирован, обновляю статус.. update_status_frames dbschema.py:112
2026-02-27T22:50:46.795629+0300 DEBUG Статус успешно изменен. video_detected kafkaconsume.py:10
2026-02-27T22:50:50.972500+0300 DEBUG Получено сообщение из Kafka = (frame_detected) о обработанном фрейме, меняю статус.. video_detected kafkaconsume.py:8
2026-02-27T22:50:50.973070+0300 DEBUG Получил из очереди о том что фрейм детектирован, обновляю статус.. update_status_frames dbschema.py:112
2026-02-27T22:50:51.012765+0300 DEBUG Статус успешно изменен. video_detected kafkaconsume.py:10
2026-02-27T22:50:55.496793+0300 DEBUG Получено сообщение из Kafka = (frame_detected) о обработанном фрейме, меняю статус.. video_detected kafkaconsume.py:8
2026-02-27T22:50:55.497332+0300 DEBUG Получил из очереди о том что фрейм детектирован, обновляю статус.. update_status_frames dbschema.py:112
2026-02-27T22:50:55.525550+0300 DEBUG Статус успешно изменен. video_detected kafkaconsume.py:10
2026-02-27T22:51:00.544727+0300 DEBUG Получено сообщение из Kafka = (frame_detected) о обработанном фрейме, меняю статус.. video_detected kafkaconsume.py:8
2026-02-27T22:51:00.545262+0300 DEBUG Получил из очереди о том что фрейм детектирован, обновляю статус.. update_status_frames dbschema.py:112
2026-02-27T22:51:00.760294+0300 DEBUG Статус успешно изменен. video_detected kafkaconsume.py:10
2026-02-27T22:51:04.448810+0300 DEBUG Получено сообщение из Kafka = (frame_detected) о обработанном фрейме, меняю статус.. video_detected kafkaconsume.py:8
2026-02-27T22:51:04.449370+0300 DEBUG Получил из очереди о том что фрейм детектирован, обновляю статус.. update_status_frames dbschema.py:112
2026-02-27T22:51:04.478068+0300 DEBUG Статус успешно изменен. video_detected kafkaconsume.py:10
2026-02-27T22:51:08.793776+0300 DEBUG Получено сообщение из Kafka = (frame_detected) о обработанном фрейме, меняю статус.. video_detected kafkaconsume.py:8
2026-02-27T22:51:08.794384+0300 DEBUG Получил из очереди о том что фрейм детектирован, обновляю статус.. update_status_frames dbschema.py:112
2026-02-27T22:51:08.822806+0300 DEBUG Статус успешно изменен. video_detected kafkaconsume.py:10
2026-02-27T22:51:13.305052+0300 DEBUG Получено сообщение из Kafka = (frame_detected) о обработанном фрейме, меняю статус.. video_detected kafkaconsume.py:8
2026-02-27T22:51:13.305052+0300 DEBUG Получил из очереди о том что фрейм детектирован, обновляю статус.. update_status_frames dbschema.py:112
2026-02-27T22:51:13.370026+0300 DEBUG Статус успешно изменен. video_detected kafkaconsume.py:10
2026-02-27T22:51:17.908167+0300 DEBUG Получено сообщение из Kafka = (frame_detected) о обработанном фрейме, меняю статус.. video_detected kafkaconsume.py:8
2026-02-27T22:51:17.908693+0300 DEBUG Получил из очереди о том что фрейм детектирован, обновляю статус.. update_status_frames dbschema.py:112
2026-02-27T22:51:17.995696+0300 DEBUG Статус успешно изменен. video_detected kafkaconsume.py:10
2026-02-27T22:51:22.955405+0300 DEBUG Получено сообщение из Kafka = (frame_detected) о обработанном фрейме, меняю статус.. video_detected kafkaconsume.py:8
2026-02-27T22:51:22.955943+0300 DEBUG Получил из очереди о том что фрейм детектирован, обновляю статус.. update_status_frames dbschema.py:112
2026-02-27T22:51:23.042255+0300 DEBUG Статус успешно изменен. video_detected kafkaconsume.py:10
2026-02-27T22:51:27.761671+0300 DEBUG Получено сообщение из Kafka = (frame_detected) о обработанном фрейме, меняю статус.. video_detected kafkaconsume.py:8
2026-02-27T22:51:27.762196+0300 DEBUG Получил из очереди о том что фрейм детектирован, обновляю статус.. update_status_frames dbschema.py:112
2026-02-27T22:51:27.809496+0300 DEBUG Статус успешно изменен. video_detected kafkaconsume.py:10
2026-02-27T22:51:32.895662+0300 DEBUG Получено сообщение из Kafka = (frame_detected) о обработанном фрейме, меняю статус.. video_detected kafkaconsume.py:8
2026-02-27T22:51:32.896357+0300 DEBUG Получил из очереди о том что фрейм детектирован, обновляю статус.. update_status_frames dbschema.py:112
2026-02-27T22:51:32.930696+0300 DEBUG Статус успешно изменен. video_detected kafkaconsume.py:10
2026-02-27T22:51:36.982013+0300 DEBUG Получено сообщение из Kafka = (frame_detected) о обработанном фрейме, меняю статус.. video_detected kafkaconsume.py:8
2026-02-27T22:51:36.982013+0300 DEBUG Получил из очереди о том что фрейм детектирован, обновляю статус.. update_status_frames dbschema.py:112
2026-02-27T22:51:37.134128+0300 DEBUG Статус успешно изменен. video_detected kafkaconsume.py:10
2026-02-27T22:51:41.625274+0300 DEBUG Получено сообщение из Kafka = (frame_detected) о обработанном фрейме, меняю статус.. video_detected kafkaconsume.py:8
2026-02-27T22:51:41.625819+0300 DEBUG Получил из очереди о том что фрейм детектирован, обновляю статус.. update_status_frames dbschema.py:112
2026-02-27T22:51:41.800595+0300 DEBUG Статус успешно изменен. video_detected kafkaconsume.py:10
2026-02-27T22:51:46.392481+0300 DEBUG Получено сообщение из Kafka = (frame_detected) о обработанном фрейме, меняю статус.. video_detected kafkaconsume.py:8
2026-02-27T22:51:46.393006+0300 DEBUG Получил из очереди о том что фрейм детектирован, обновляю статус.. update_status_frames dbschema.py:112
2026-02-27T22:51:46.443890+0300 DEBUG Статус успешно изменен. video_detected kafkaconsume.py:10
2026-02-27T22:51:50.794537+0300 DEBUG Получено сообщение из Kafka = (frame_detected) о обработанном фрейме, меняю статус.. video_detected kafkaconsume.py:8
2026-02-27T22:51:50.795065+0300 DEBUG Получил из очереди о том что фрейм детектирован, обновляю статус.. update_status_frames dbschema.py:112
2026-02-27T22:51:50.851793+0300 DEBUG Статус успешно изменен. video_detected kafkaconsume.py:10
2026-02-27T22:51:55.908804+0300 DEBUG Получено сообщение из Kafka = (frame_detected) о обработанном фрейме, меняю статус.. video_detected kafkaconsume.py:8
2026-02-27T22:51:55.908804+0300 DEBUG Получил из очереди о том что фрейм детектирован, обновляю статус.. update_status_frames dbschema.py:112
2026-02-27T22:51:55.937187+0300 DEBUG Статус успешно изменен. video_detected kafkaconsume.py:10
2026-02-27T22:51:59.928370+0300 DEBUG Получено сообщение из Kafka = (frame_detected) о обработанном фрейме, меняю статус.. video_detected kafkaconsume.py:8
2026-02-27T22:51:59.928956+0300 DEBUG Получил из очереди о том что фрейм детектирован, обновляю статус.. update_status_frames dbschema.py:112
2026-02-27T22:51:59.960026+0300 DEBUG Статус успешно изменен. video_detected kafkaconsume.py:10
2026-02-27T22:52:05.093803+0300 DEBUG Получено сообщение из Kafka = (frame_detected) о обработанном фрейме, меняю статус.. video_detected kafkaconsume.py:8
2026-02-27T22:52:05.094320+0300 DEBUG Получил из очереди о том что фрейм детектирован, обновляю статус.. update_status_frames dbschema.py:112
2026-02-27T22:52:05.338455+0300 DEBUG Статус успешно изменен. video_detected kafkaconsume.py:10
2026-02-27T22:52:09.339998+0300 DEBUG Получено сообщение из Kafka = (frame_detected) о обработанном фрейме, меняю статус.. video_detected kafkaconsume.py:8
2026-02-27T22:52:09.340514+0300 DEBUG Получил из очереди о том что фрейм детектирован, обновляю статус.. update_status_frames dbschema.py:112
2026-02-27T22:52:09.371654+0300 DEBUG Статус успешно изменен. video_detected kafkaconsume.py:10
2026-02-27T23:05:23.374423+0300 DEBUG Закрываю соединение S3, KAFKA, БД.. lifepsawn post.py:27
2026-02-27T23:05:23.376769+0300 DEBUG ==================== lifepsawn post.py:29
