2026-02-23T15:42:44.806562+0300 DEBUG Начинаю проверку необходимых переменных.. check_env
2026-02-23T15:42:44.806562+0300 CRITICAL Переменная POSTGRES_PASSWORD отсутствует, не могу начать работу. 'POSTGRES_PASSWORD' check_env
2026-02-23T15:43:16.022523+0300 DEBUG Начинаю проверку необходимых переменных.. check_env
2026-02-23T15:43:16.023487+0300 CRITICAL Переменная POSTGRES_DB отсутствует, не могу начать работу. 'POSTGRES_DB' check_env
2026-02-23T15:44:20.975241+0300 DEBUG Начинаю проверку необходимых переменных.. check_env
2026-02-23T15:45:25.581919+0300 DEBUG Начинаю проверку необходимых переменных.. check_env
2026-02-23T15:45:25.618310+0300 DEBUG Начинаю проверку необходимых переменных.. check_env
2026-02-23T15:48:25.650747+0300 DEBUG ==================== check_env
2026-02-23T15:48:25.650747+0300 DEBUG ЗАПУСК check_env
2026-02-23T15:48:25.650747+0300 DEBUG Начинаю проверку необходимых переменных.. check_env
2026-02-23T15:48:25.686107+0300 DEBUG ==================== check_env
2026-02-23T15:48:25.686107+0300 DEBUG ЗАПУСК check_env
2026-02-23T15:48:25.686107+0300 DEBUG Начинаю проверку необходимых переменных.. check_env
2026-02-23T15:51:02.428514+0300 DEBUG ==================== check_env
2026-02-23T15:51:02.428514+0300 DEBUG ЗАПУСК check_env
2026-02-23T15:51:02.428514+0300 DEBUG Начинаю проверку необходимых переменных.. check_env
2026-02-23T15:51:02.464279+0300 DEBUG ==================== check_env
2026-02-23T15:51:02.464279+0300 DEBUG ЗАПУСК check_env
2026-02-23T15:51:02.464279+0300 DEBUG Начинаю проверку необходимых переменных.. check_env
2026-02-23T15:51:02.464279+0300 DEBUG Проверяю БД и S3 перед запуском lifepsawn
2026-02-23T15:51:56.272302+0300 DEBUG Закрываю соединение.. lifepsawn
2026-02-23T15:51:59.840148+0300 DEBUG ==================== check_env
2026-02-23T15:51:59.840148+0300 DEBUG ЗАПУСК check_env
2026-02-23T15:51:59.841115+0300 DEBUG Начинаю проверку необходимых переменных.. check_env
2026-02-23T15:51:59.871727+0300 DEBUG ==================== check_env
2026-02-23T15:51:59.871727+0300 DEBUG ЗАПУСК check_env
2026-02-23T15:51:59.871727+0300 DEBUG Начинаю проверку необходимых переменных.. check_env
2026-02-23T15:51:59.871727+0300 DEBUG Проверяю БД и S3 перед запуском lifepsawn
2026-02-23T15:52:02.009566+0300 ERROR Ошибка при инициализации БД или S3 lifepsawn
2026-02-23T16:09:37.568612+0300 DEBUG ==================== check_env
2026-02-23T16:09:37.628219+0300 DEBUG ЗАПУСК check_env
2026-02-23T16:09:37.628219+0300 DEBUG Начинаю проверку необходимых переменных.. check_env
2026-02-23T16:09:41.440010+0300 DEBUG ==================== check_env
2026-02-23T16:09:41.440010+0300 DEBUG ЗАПУСК check_env
2026-02-23T16:09:41.440010+0300 DEBUG Начинаю проверку необходимых переменных.. check_env
2026-02-23T16:09:41.442584+0300 DEBUG Проверяю БД и S3 перед запуском lifepsawn
2026-02-23T16:09:42.706287+0300 DEBUG Удаляю все Таблицы.. create_tables
2026-02-23T16:09:42.964799+0300 DEBUG Создаю новые.. create_tables
2026-02-23T16:09:45.050441+0300 DEBUG Таблицы успено созданы! create_tables
2026-02-23T16:10:24.669372+0300 DEBUG Проверяю есть ли Bucket.. bucket_check
2026-02-23T16:10:25.923974+0300 DEBUG Bucket не оказалось, создаю.. bucket_check
2026-02-23T16:10:26.584613+0300 DEBUG Bucket с именем videos успешно создан! bucket_check
2026-02-23T16:13:09.775206+0300 DEBUG Закрываю соединение.. lifepsawn
2026-02-23T16:17:25.143083+0300 DEBUG ==================== check_env
2026-02-23T16:17:25.143083+0300 DEBUG ЗАПУСК check_env
2026-02-23T16:17:25.143083+0300 DEBUG Начинаю проверку необходимых переменных.. check_env
2026-02-23T16:17:25.192366+0300 DEBUG ==================== check_env
2026-02-23T16:17:25.192366+0300 DEBUG ЗАПУСК check_env
2026-02-23T16:17:25.192366+0300 DEBUG Начинаю проверку необходимых переменных.. check_env
2026-02-23T16:17:25.202565+0300 DEBUG Проверяю БД и S3 перед запуском lifepsawn
2026-02-23T16:17:25.264124+0300 DEBUG Удаляю все Таблицы.. create_tables
2026-02-23T16:17:25.277000+0300 DEBUG Создаю новые.. create_tables
2026-02-23T16:17:27.941619+0300 DEBUG Таблицы успено созданы! create_tables
2026-02-23T16:17:28.206663+0300 DEBUG Проверяю есть ли Bucket.. bucket_check
2026-02-23T16:17:28.228892+0300 DEBUG Bucket уже есть, отлично! bucket_check
2026-02-23T16:17:28.341436+0300 DEBUG Проверяю есть ли Bucket.. bucket_check
2026-02-23T16:17:28.375548+0300 DEBUG Bucket не оказалось, создаю.. bucket_check
2026-02-23T16:17:28.776087+0300 DEBUG Bucket с именем frames успешно создан! bucket_check
2026-02-23T16:20:27.951259+0300 DEBUG Закрываю соединение.. lifepsawn
2026-02-23T16:20:39.676501+0300 DEBUG ==================== check_env
2026-02-23T16:20:39.676501+0300 DEBUG ЗАПУСК check_env
2026-02-23T16:20:39.676501+0300 DEBUG Начинаю проверку необходимых переменных.. check_env
2026-02-23T16:20:39.707442+0300 DEBUG ==================== check_env
2026-02-23T16:20:39.707442+0300 DEBUG ЗАПУСК check_env
2026-02-23T16:20:39.707442+0300 DEBUG Начинаю проверку необходимых переменных.. check_env
2026-02-23T16:20:39.707442+0300 DEBUG Проверяю БД и S3 перед запуском lifepsawn
2026-02-23T16:20:39.771260+0300 DEBUG Удаляю все Таблицы.. create_tables
2026-02-23T16:20:39.788504+0300 DEBUG Создаю новые.. create_tables
2026-02-23T16:20:41.841633+0300 DEBUG Таблицы успено созданы! create_tables
2026-02-23T16:20:42.222524+0300 DEBUG Проверяю есть ли Bucket = videos.. bucket_check
2026-02-23T16:20:42.247206+0300 DEBUG Bucket = videos уже есть, отлично! bucket_check
2026-02-23T16:20:42.361116+0300 DEBUG Проверяю есть ли Bucket = frames.. bucket_check
2026-02-23T16:20:42.389301+0300 DEBUG Bucket = frames уже есть, отлично! bucket_check
2026-02-23T16:23:29.324789+0300 DEBUG Закрываю соединение.. lifepsawn
2026-02-23T16:23:47.479151+0300 DEBUG ==================== check_env
2026-02-23T16:23:47.479151+0300 DEBUG ЗАПУСК check_env
2026-02-23T16:23:47.481161+0300 DEBUG Начинаю проверку необходимых переменных.. check_env
2026-02-23T16:23:47.526301+0300 DEBUG ==================== check_env
2026-02-23T16:23:47.526301+0300 DEBUG ЗАПУСК check_env
2026-02-23T16:23:47.526301+0300 DEBUG Начинаю проверку необходимых переменных.. check_env
2026-02-23T16:23:47.532425+0300 DEBUG Проверяю БД и S3 перед запуском lifepsawn
2026-02-23T16:23:47.608809+0300 DEBUG Удаляю все Таблицы.. create_tables
2026-02-23T16:23:47.626452+0300 DEBUG Создаю новые.. create_tables
2026-02-23T16:23:49.845635+0300 DEBUG Таблицы успено созданы! create_tables
2026-02-23T16:23:50.193237+0300 DEBUG Проверяю есть ли Bucket = videos.. bucket_check
2026-02-23T16:23:50.307562+0300 DEBUG Bucket = videos уже есть, отлично! bucket_check
2026-02-23T16:23:50.433648+0300 DEBUG Проверяю есть ли Bucket = frames.. bucket_check
2026-02-23T16:23:50.461575+0300 DEBUG Bucket = frames уже есть, отлично! bucket_check
2026-02-23T16:27:28.680861+0300 DEBUG Закрываю соединение.. lifepsawn
2026-02-23T16:28:05.562732+0300 DEBUG ==================== check_env
2026-02-23T16:28:05.566844+0300 DEBUG ЗАПУСК check_env
2026-02-23T16:28:05.566844+0300 DEBUG Начинаю проверку необходимых переменных.. check_env
2026-02-23T16:28:05.593679+0300 DEBUG ==================== check_env
2026-02-23T16:28:05.593679+0300 DEBUG ЗАПУСК check_env
2026-02-23T16:28:05.593679+0300 DEBUG Начинаю проверку необходимых переменных.. check_env
2026-02-23T16:28:05.604046+0300 DEBUG Проверяю БД и S3 перед запуском lifepsawn
2026-02-23T16:28:05.661986+0300 DEBUG Удаляю все Таблицы.. create_tables
2026-02-23T16:28:05.676506+0300 DEBUG Создаю новые.. create_tables
2026-02-23T16:28:07.780351+0300 DEBUG Таблицы успено созданы! create_tables
2026-02-23T16:28:08.139861+0300 DEBUG Проверяю есть ли Bucket = videos.. bucket_check
2026-02-23T16:28:08.176455+0300 DEBUG Bucket = videos уже есть, отлично! bucket_check
2026-02-23T16:28:08.307923+0300 DEBUG Проверяю есть ли Bucket = frames.. bucket_check
2026-02-23T16:28:08.335362+0300 DEBUG Bucket = frames уже есть, отлично! bucket_check
2026-02-23T16:28:28.833382+0300 DEBUG Получено 1 видео. upload_video
2026-02-23T16:28:28.833382+0300 DEBUG Пробую обработать 1/1 upload_video
2026-02-23T16:28:28.835732+0300 ERROR Ошибка обработки видео! 'module' object is not callable upload_video
2026-02-23T16:36:29.998325+0300 DEBUG Закрываю соединение.. lifepsawn
2026-02-23T16:36:41.270102+0300 DEBUG ==================== check_env config.py:25
2026-02-23T16:36:41.270102+0300 DEBUG ЗАПУСК check_env config.py:26
2026-02-23T16:36:41.270102+0300 DEBUG Начинаю проверку необходимых переменных.. check_env config.py:27
2026-02-23T16:36:41.305841+0300 DEBUG ==================== check_env config.py:25
2026-02-23T16:36:41.305841+0300 DEBUG ЗАПУСК check_env config.py:26
2026-02-23T16:36:41.314347+0300 DEBUG Начинаю проверку необходимых переменных.. check_env config.py:27
2026-02-23T16:36:41.316344+0300 DEBUG Проверяю БД и S3 перед запуском lifepsawn post.py:10
2026-02-23T16:36:41.389978+0300 DEBUG Удаляю все Таблицы.. create_tables dbschema.py:51
2026-02-23T16:36:41.413034+0300 DEBUG Создаю новые.. create_tables dbschema.py:53
2026-02-23T16:36:44.349965+0300 DEBUG Таблицы успено созданы! create_tables dbschema.py:55
2026-02-23T16:36:44.727953+0300 DEBUG Проверяю есть ли Bucket = videos.. bucket_check s3send.py:29
2026-02-23T16:36:44.754685+0300 DEBUG Bucket = videos уже есть, отлично! bucket_check s3send.py:32
2026-02-23T16:36:44.893487+0300 DEBUG Проверяю есть ли Bucket = frames.. bucket_check s3send.py:29
2026-02-23T16:36:44.923581+0300 DEBUG Bucket = frames уже есть, отлично! bucket_check s3send.py:32
2026-02-23T16:36:52.480314+0300 DEBUG Получено 1 видео. upload_video post.py:27
2026-02-23T16:36:52.480314+0300 DEBUG Пробую обработать 1/1.. upload_video post.py:30
2026-02-23T16:36:52.480314+0300 ERROR Ошибка обработки видео! 'module' object is not callable upload_video post.py:36
2026-02-23T16:39:05.946378+0300 DEBUG Закрываю соединение.. lifepsawn post.py:19
2026-02-23T16:39:05.946978+0300 DEBUG ==================== lifepsawn post.py:20
2026-02-23T16:39:16.686142+0300 DEBUG ==================== check_env config.py:25
2026-02-23T16:39:16.688149+0300 DEBUG ЗАПУСК check_env config.py:26
2026-02-23T16:39:16.688149+0300 DEBUG Начинаю проверку необходимых переменных.. check_env config.py:27
2026-02-23T16:39:16.724654+0300 DEBUG ==================== check_env config.py:25
2026-02-23T16:39:16.724654+0300 DEBUG ЗАПУСК check_env config.py:26
2026-02-23T16:39:16.724654+0300 DEBUG Начинаю проверку необходимых переменных.. check_env config.py:27
2026-02-23T16:39:16.727620+0300 DEBUG Проверяю БД и S3 перед запуском lifepsawn post.py:10
2026-02-23T16:39:16.793947+0300 DEBUG Удаляю все Таблицы.. create_tables dbschema.py:51
2026-02-23T16:39:16.816142+0300 DEBUG Создаю новые.. create_tables dbschema.py:53
2026-02-23T16:39:17.794116+0300 DEBUG Таблицы успено созданы! create_tables dbschema.py:55
2026-02-23T16:39:18.041253+0300 DEBUG Проверяю есть ли Bucket = videos.. bucket_check s3send.py:29
2026-02-23T16:39:18.074083+0300 DEBUG Bucket = videos уже есть, отлично! bucket_check s3send.py:32
2026-02-23T16:39:18.193605+0300 DEBUG Проверяю есть ли Bucket = frames.. bucket_check s3send.py:29
2026-02-23T16:39:18.218420+0300 DEBUG Bucket = frames уже есть, отлично! bucket_check s3send.py:32
2026-02-23T16:39:22.110256+0300 DEBUG Получено 1 видео. upload_video post.py:27
2026-02-23T16:39:22.110256+0300 DEBUG Пробую обработать 1/1.. upload_video post.py:30
2026-02-23T16:39:22.115224+0300 ERROR Ошибка обработки видео! 'module' object is not callable upload_video post.py:36
Traceback (most recent call last):

  File "<frozen runpy>", line 198, in _run_module_as_main
  File "<frozen runpy>", line 88, in _run_code

  File "D:\Github\CVDanger\backend_VideoProduce\app\main.py", line 13, in <module>
    uvicorn.run("app.main:app", reload=False)
    │       └ <function run at 0x0000028B8A3F3060>
    └ <module 'uvicorn' from 'D:\\Github\\CVDanger\\.venv\\Lib\\site-packages\\uvicorn\\__init__.py'>

  File "D:\Github\CVDanger\.venv\Lib\site-packages\uvicorn\main.py", line 606, in run
    server.run()
    │      └ <function Server.run at 0x0000028B8A3F3420>
    └ <uvicorn.server.Server object at 0x0000028B89DCF3E0>
  File "D:\Github\CVDanger\.venv\Lib\site-packages\uvicorn\server.py", line 75, in run
    return asyncio_run(self.serve(sockets=sockets), loop_factory=self.config.get_loop_factory())
           │           │    │             │                      │    │      └ <function Config.get_loop_factory at 0x0000028B8A3F2D40>
           │           │    │             │                      │    └ <uvicorn.config.Config object at 0x0000028B8A46C3B0>
           │           │    │             │                      └ <uvicorn.server.Server object at 0x0000028B89DCF3E0>
           │           │    │             └ None
           │           │    └ <function Server.serve at 0x0000028B8A3F34C0>
           │           └ <uvicorn.server.Server object at 0x0000028B89DCF3E0>
           └ <function run at 0x0000028B84414E00>
  File "C:\Users\anton\AppData\Roaming\uv\python\cpython-3.12.12-windows-x86_64-none\Lib\asyncio\runners.py", line 195, in run
    return runner.run(main)
           │      │   └ <coroutine object Server.serve at 0x0000028B8A40BCA0>
           │      └ <function Runner.run at 0x0000028B85C885E0>
           └ <asyncio.runners.Runner object at 0x0000028B89E24050>
  File "C:\Users\anton\AppData\Roaming\uv\python\cpython-3.12.12-windows-x86_64-none\Lib\asyncio\runners.py", line 118, in run
    return self._loop.run_until_complete(task)
           │    │     │                  └ <Task pending name='Task-1' coro=<Server.serve() running at D:\Github\CVDanger\.venv\Lib\site-packages\uvicorn\server.py:79> ...
           │    │     └ <function BaseEventLoop.run_until_complete at 0x0000028B85C82160>
           │    └ <ProactorEventLoop running=True closed=False debug=False>
           └ <asyncio.runners.Runner object at 0x0000028B89E24050>
  File "C:\Users\anton\AppData\Roaming\uv\python\cpython-3.12.12-windows-x86_64-none\Lib\asyncio\base_events.py", line 678, in run_until_complete
    self.run_forever()
    │    └ <function ProactorEventLoop.run_forever at 0x0000028B85D30900>
    └ <ProactorEventLoop running=True closed=False debug=False>
  File "C:\Users\anton\AppData\Roaming\uv\python\cpython-3.12.12-windows-x86_64-none\Lib\asyncio\windows_events.py", line 322, in run_forever
    super().run_forever()
  File "C:\Users\anton\AppData\Roaming\uv\python\cpython-3.12.12-windows-x86_64-none\Lib\asyncio\base_events.py", line 645, in run_forever
    self._run_once()
    │    └ <function BaseEventLoop._run_once at 0x0000028B85C83EC0>
    └ <ProactorEventLoop running=True closed=False debug=False>
  File "C:\Users\anton\AppData\Roaming\uv\python\cpython-3.12.12-windows-x86_64-none\Lib\asyncio\base_events.py", line 1999, in _run_once
    handle._run()
    │      └ <function Handle._run at 0x0000028B84410360>
    └ <Handle Task.task_wakeup(<Future finis...\x00\x00\xba'>)>
  File "C:\Users\anton\AppData\Roaming\uv\python\cpython-3.12.12-windows-x86_64-none\Lib\asyncio\events.py", line 88, in _run
    self._context.run(self._callback, *self._args)
    │    │            │    │           │    └ <member '_args' of 'Handle' objects>
    │    │            │    │           └ <Handle Task.task_wakeup(<Future finis...\x00\x00\xba'>)>
    │    │            │    └ <member '_callback' of 'Handle' objects>
    │    │            └ <Handle Task.task_wakeup(<Future finis...\x00\x00\xba'>)>
    │    └ <member '_context' of 'Handle' objects>
    └ <Handle Task.task_wakeup(<Future finis...\x00\x00\xba'>)>
  File "D:\Github\CVDanger\.venv\Lib\site-packages\uvicorn\protocols\http\httptools_impl.py", line 416, in run_asgi
    result = await app(  # type: ignore[func-returns-value]
                   └ <uvicorn.middleware.proxy_headers.ProxyHeadersMiddleware object at 0x0000028B892AF920>
  File "D:\Github\CVDanger\.venv\Lib\site-packages\uvicorn\middleware\proxy_headers.py", line 60, in __call__
    return await self.app(scope, receive, send)
                 │    │   │      │        └ <bound method RequestResponseCycle.send of <uvicorn.protocols.http.httptools_impl.RequestResponseCycle object at 0x0000028B8B...
                 │    │   │      └ <bound method RequestResponseCycle.receive of <uvicorn.protocols.http.httptools_impl.RequestResponseCycle object at 0x0000028...
                 │    │   └ {'type': 'http', 'asgi': {'version': '3.0', 'spec_version': '2.3'}, 'http_version': '1.1', 'server': ('127.0.0.1', 8000), 'cl...
                 │    └ <fastapi.applications.FastAPI object at 0x0000028B8A4D7620>
                 └ <uvicorn.middleware.proxy_headers.ProxyHeadersMiddleware object at 0x0000028B892AF920>
  File "D:\Github\CVDanger\.venv\Lib\site-packages\fastapi\applications.py", line 1134, in __call__
    await super().__call__(scope, receive, send)
                           │      │        └ <bound method RequestResponseCycle.send of <uvicorn.protocols.http.httptools_impl.RequestResponseCycle object at 0x0000028B8B...
                           │      └ <bound method RequestResponseCycle.receive of <uvicorn.protocols.http.httptools_impl.RequestResponseCycle object at 0x0000028...
                           └ {'type': 'http', 'asgi': {'version': '3.0', 'spec_version': '2.3'}, 'http_version': '1.1', 'server': ('127.0.0.1', 8000), 'cl...
  File "D:\Github\CVDanger\.venv\Lib\site-packages\starlette\applications.py", line 107, in __call__
    await self.middleware_stack(scope, receive, send)
          │    │                │      │        └ <bound method RequestResponseCycle.send of <uvicorn.protocols.http.httptools_impl.RequestResponseCycle object at 0x0000028B8B...
          │    │                │      └ <bound method RequestResponseCycle.receive of <uvicorn.protocols.http.httptools_impl.RequestResponseCycle object at 0x0000028...
          │    │                └ {'type': 'http', 'asgi': {'version': '3.0', 'spec_version': '2.3'}, 'http_version': '1.1', 'server': ('127.0.0.1', 8000), 'cl...
          │    └ <starlette.middleware.errors.ServerErrorMiddleware object at 0x0000028B8A558050>
          └ <fastapi.applications.FastAPI object at 0x0000028B8A4D7620>
  File "D:\Github\CVDanger\.venv\Lib\site-packages\starlette\middleware\errors.py", line 164, in __call__
    await self.app(scope, receive, _send)
          │    │   │      │        └ <function ServerErrorMiddleware.__call__.<locals>._send at 0x0000028B8B078680>
          │    │   │      └ <bound method RequestResponseCycle.receive of <uvicorn.protocols.http.httptools_impl.RequestResponseCycle object at 0x0000028...
          │    │   └ {'type': 'http', 'asgi': {'version': '3.0', 'spec_version': '2.3'}, 'http_version': '1.1', 'server': ('127.0.0.1', 8000), 'cl...
          │    └ <starlette.middleware.exceptions.ExceptionMiddleware object at 0x0000028B8A44AA50>
          └ <starlette.middleware.errors.ServerErrorMiddleware object at 0x0000028B8A558050>
  File "D:\Github\CVDanger\.venv\Lib\site-packages\starlette\middleware\exceptions.py", line 63, in __call__
    await wrap_app_handling_exceptions(self.app, conn)(scope, receive, send)
          │                            │    │    │     │      │        └ <function ServerErrorMiddleware.__call__.<locals>._send at 0x0000028B8B078680>
          │                            │    │    │     │      └ <bound method RequestResponseCycle.receive of <uvicorn.protocols.http.httptools_impl.RequestResponseCycle object at 0x0000028...
          │                            │    │    │     └ {'type': 'http', 'asgi': {'version': '3.0', 'spec_version': '2.3'}, 'http_version': '1.1', 'server': ('127.0.0.1', 8000), 'cl...
          │                            │    │    └ <starlette.requests.Request object at 0x0000028B8B06E6F0>
          │                            │    └ <fastapi.middleware.asyncexitstack.AsyncExitStackMiddleware object at 0x0000028B8A52F800>
          │                            └ <starlette.middleware.exceptions.ExceptionMiddleware object at 0x0000028B8A44AA50>
          └ <function wrap_app_handling_exceptions at 0x0000028B86BB44A0>
  File "D:\Github\CVDanger\.venv\Lib\site-packages\starlette\_exception_handler.py", line 42, in wrapped_app
    await app(scope, receive, sender)
          │   │      │        └ <function wrap_app_handling_exceptions.<locals>.wrapped_app.<locals>.sender at 0x0000028B8B078180>
          │   │      └ <bound method RequestResponseCycle.receive of <uvicorn.protocols.http.httptools_impl.RequestResponseCycle object at 0x0000028...
          │   └ {'type': 'http', 'asgi': {'version': '3.0', 'spec_version': '2.3'}, 'http_version': '1.1', 'server': ('127.0.0.1', 8000), 'cl...
          └ <fastapi.middleware.asyncexitstack.AsyncExitStackMiddleware object at 0x0000028B8A52F800>
  File "D:\Github\CVDanger\.venv\Lib\site-packages\fastapi\middleware\asyncexitstack.py", line 18, in __call__
    await self.app(scope, receive, send)
          │    │   │      │        └ <function wrap_app_handling_exceptions.<locals>.wrapped_app.<locals>.sender at 0x0000028B8B078180>
          │    │   │      └ <bound method RequestResponseCycle.receive of <uvicorn.protocols.http.httptools_impl.RequestResponseCycle object at 0x0000028...
          │    │   └ {'type': 'http', 'asgi': {'version': '3.0', 'spec_version': '2.3'}, 'http_version': '1.1', 'server': ('127.0.0.1', 8000), 'cl...
          │    └ <fastapi.routing.APIRouter object at 0x0000028B8A52F5F0>
          └ <fastapi.middleware.asyncexitstack.AsyncExitStackMiddleware object at 0x0000028B8A52F800>
  File "D:\Github\CVDanger\.venv\Lib\site-packages\starlette\routing.py", line 716, in __call__
    await self.middleware_stack(scope, receive, send)
          │    │                │      │        └ <function wrap_app_handling_exceptions.<locals>.wrapped_app.<locals>.sender at 0x0000028B8B078180>
          │    │                │      └ <bound method RequestResponseCycle.receive of <uvicorn.protocols.http.httptools_impl.RequestResponseCycle object at 0x0000028...
          │    │                └ {'type': 'http', 'asgi': {'version': '3.0', 'spec_version': '2.3'}, 'http_version': '1.1', 'server': ('127.0.0.1', 8000), 'cl...
          │    └ <bound method Router.app of <fastapi.routing.APIRouter object at 0x0000028B8A52F5F0>>
          └ <fastapi.routing.APIRouter object at 0x0000028B8A52F5F0>
  File "D:\Github\CVDanger\.venv\Lib\site-packages\starlette\routing.py", line 736, in app
    await route.handle(scope, receive, send)
          │     │      │      │        └ <function wrap_app_handling_exceptions.<locals>.wrapped_app.<locals>.sender at 0x0000028B8B078180>
          │     │      │      └ <bound method RequestResponseCycle.receive of <uvicorn.protocols.http.httptools_impl.RequestResponseCycle object at 0x0000028...
          │     │      └ {'type': 'http', 'asgi': {'version': '3.0', 'spec_version': '2.3'}, 'http_version': '1.1', 'server': ('127.0.0.1', 8000), 'cl...
          │     └ <function Route.handle at 0x0000028B86BB5940>
          └ APIRoute(path='/video_upload/{camera_id}', name='upload_video', methods=['POST'])
  File "D:\Github\CVDanger\.venv\Lib\site-packages\starlette\routing.py", line 290, in handle
    await self.app(scope, receive, send)
          │    │   │      │        └ <function wrap_app_handling_exceptions.<locals>.wrapped_app.<locals>.sender at 0x0000028B8B078180>
          │    │   │      └ <bound method RequestResponseCycle.receive of <uvicorn.protocols.http.httptools_impl.RequestResponseCycle object at 0x0000028...
          │    │   └ {'type': 'http', 'asgi': {'version': '3.0', 'spec_version': '2.3'}, 'http_version': '1.1', 'server': ('127.0.0.1', 8000), 'cl...
          │    └ <function request_response.<locals>.app at 0x0000028B8A549D00>
          └ APIRoute(path='/video_upload/{camera_id}', name='upload_video', methods=['POST'])
  File "D:\Github\CVDanger\.venv\Lib\site-packages\fastapi\routing.py", line 119, in app
    await wrap_app_handling_exceptions(app, request)(scope, receive, send)
          │                            │    │        │      │        └ <function wrap_app_handling_exceptions.<locals>.wrapped_app.<locals>.sender at 0x0000028B8B078180>
          │                            │    │        │      └ <bound method RequestResponseCycle.receive of <uvicorn.protocols.http.httptools_impl.RequestResponseCycle object at 0x0000028...
          │                            │    │        └ {'type': 'http', 'asgi': {'version': '3.0', 'spec_version': '2.3'}, 'http_version': '1.1', 'server': ('127.0.0.1', 8000), 'cl...
          │                            │    └ <starlette.requests.Request object at 0x0000028B8B06E420>
          │                            └ <function request_response.<locals>.app.<locals>.app at 0x0000028B8B0780E0>
          └ <function wrap_app_handling_exceptions at 0x0000028B86BB44A0>
  File "D:\Github\CVDanger\.venv\Lib\site-packages\starlette\_exception_handler.py", line 42, in wrapped_app
    await app(scope, receive, sender)
          │   │      │        └ <function wrap_app_handling_exceptions.<locals>.wrapped_app.<locals>.sender at 0x0000028B8A57FF60>
          │   │      └ <bound method RequestResponseCycle.receive of <uvicorn.protocols.http.httptools_impl.RequestResponseCycle object at 0x0000028...
          │   └ {'type': 'http', 'asgi': {'version': '3.0', 'spec_version': '2.3'}, 'http_version': '1.1', 'server': ('127.0.0.1', 8000), 'cl...
          └ <function request_response.<locals>.app.<locals>.app at 0x0000028B8B0780E0>
  File "D:\Github\CVDanger\.venv\Lib\site-packages\fastapi\routing.py", line 105, in app
    response = await f(request)
                     │ └ <starlette.requests.Request object at 0x0000028B8B06E420>
                     └ <function get_request_handler.<locals>.app at 0x0000028B8A549BC0>
  File "D:\Github\CVDanger\.venv\Lib\site-packages\fastapi\routing.py", line 424, in app
    raw_response = await run_endpoint_function(
                         └ <function run_endpoint_function at 0x0000028B86BB7CE0>
  File "D:\Github\CVDanger\.venv\Lib\site-packages\fastapi\routing.py", line 312, in run_endpoint_function
    return await dependant.call(**values)
                 │         │      └ {'camera_id': '1', 'videos': [UploadFile(filename='Мем с тик тока где чел из гта бежит от взрыва и в конце кувыркается - Sen ...
                 │         └ <function upload_video at 0x0000028B89D879C0>
                 └ Dependant(path_params=[ModelField(field_info=Path(PydanticUndefined), name='camera_id', mode='validation', config=None)], que...

> File "D:\Github\CVDanger\backend_VideoProduce\app\api\post.py", line 33, in upload_video
    await orkestr(filename=name, content=content, camera_id=camera_id)
          │                │             │                  └ '1'
          │                │             └ b'\x00\x00\x00$ftypisom\x00\x00\x02\x00isomiso6iso2avc1mp41\x00\x00\x05\xddmoov\x00\x00\x00lmvhd\x00\x00\x00\x00\x00\x00\x00\...
          │                └ 'Мем с тик тока где чел из гта бежит от взрыва и в конце кувыркается - Sen (1080p, h264).mp4'
          └ <module 'app.orkestr.orkestr' from 'D:\\Github\\CVDanger\\backend_VideoProduce\\app\\orkestr\\orkestr.py'>

TypeError: 'module' object is not callable
2026-02-23T16:42:16.243192+0300 DEBUG Закрываю соединение.. lifepsawn post.py:19
2026-02-23T16:42:16.243774+0300 DEBUG ==================== lifepsawn post.py:20
2026-02-23T16:42:46.910035+0300 DEBUG ==================== check_env config.py:25
2026-02-23T16:42:46.921553+0300 DEBUG ЗАПУСК check_env config.py:26
2026-02-23T16:42:46.922082+0300 DEBUG Начинаю проверку необходимых переменных.. check_env config.py:27
2026-02-23T16:42:46.962239+0300 DEBUG ==================== check_env config.py:25
2026-02-23T16:42:46.964083+0300 DEBUG ЗАПУСК check_env config.py:26
2026-02-23T16:42:46.964083+0300 DEBUG Начинаю проверку необходимых переменных.. check_env config.py:27
2026-02-23T16:42:46.965484+0300 DEBUG Проверяю БД и S3 перед запуском lifepsawn post.py:10
2026-02-23T16:42:47.029902+0300 DEBUG Удаляю все Таблицы.. create_tables dbschema.py:51
2026-02-23T16:42:47.044770+0300 DEBUG Создаю новые.. create_tables dbschema.py:53
2026-02-23T16:42:48.905228+0300 DEBUG Таблицы успено созданы! create_tables dbschema.py:55
2026-02-23T16:42:49.240272+0300 DEBUG Проверяю есть ли Bucket = videos.. bucket_check s3send.py:29
2026-02-23T16:42:49.266322+0300 DEBUG Bucket = videos уже есть, отлично! bucket_check s3send.py:32
2026-02-23T16:42:49.390697+0300 DEBUG Проверяю есть ли Bucket = frames.. bucket_check s3send.py:29
2026-02-23T16:42:49.422571+0300 DEBUG Bucket = frames уже есть, отлично! bucket_check s3send.py:32
2026-02-23T16:42:52.073342+0300 DEBUG Получено 1 видео. upload_video post.py:27
2026-02-23T16:42:52.073924+0300 DEBUG Пробую обработать 1/1.. upload_video post.py:30
2026-02-23T16:42:52.075514+0300 ERROR Ошибка обработки видео! orkestr_func() got an unexpected keyword argument 'filename' upload_video post.py:36
2026-02-23T16:43:27.129291+0300 DEBUG Закрываю соединение.. lifepsawn post.py:19
2026-02-23T16:43:27.129879+0300 DEBUG ==================== lifepsawn post.py:20
2026-02-23T16:43:37.270097+0300 DEBUG ==================== check_env config.py:25
2026-02-23T16:43:37.270097+0300 DEBUG ЗАПУСК check_env config.py:26
2026-02-23T16:43:37.270097+0300 DEBUG Начинаю проверку необходимых переменных.. check_env config.py:27
2026-02-23T16:43:37.309336+0300 DEBUG ==================== check_env config.py:25
2026-02-23T16:43:37.309336+0300 DEBUG ЗАПУСК check_env config.py:26
2026-02-23T16:43:37.309336+0300 DEBUG Начинаю проверку необходимых переменных.. check_env config.py:27
2026-02-23T16:43:37.314730+0300 DEBUG Проверяю БД и S3 перед запуском lifepsawn post.py:10
2026-02-23T16:43:37.375444+0300 DEBUG Удаляю все Таблицы.. create_tables dbschema.py:51
2026-02-23T16:43:37.389050+0300 DEBUG Создаю новые.. create_tables dbschema.py:53
2026-02-23T16:43:39.926453+0300 DEBUG Таблицы успено созданы! create_tables dbschema.py:55
2026-02-23T16:43:40.346138+0300 DEBUG Проверяю есть ли Bucket = videos.. bucket_check s3send.py:29
2026-02-23T16:43:40.384584+0300 DEBUG Bucket = videos уже есть, отлично! bucket_check s3send.py:32
2026-02-23T16:43:40.555339+0300 DEBUG Проверяю есть ли Bucket = frames.. bucket_check s3send.py:29
2026-02-23T16:43:40.581604+0300 DEBUG Bucket = frames уже есть, отлично! bucket_check s3send.py:32
2026-02-23T16:43:42.249369+0300 DEBUG Получено 1 видео. upload_video post.py:27
2026-02-23T16:43:42.249369+0300 DEBUG Пробую обработать 1/1.. upload_video post.py:30
2026-02-23T16:43:42.249369+0300 DEBUG Назначаю имена файлам.. orkestr_func orkestr.py:9
2026-02-23T16:43:42.249369+0300 DEBUG Отправляю видео в S3 orkestr_func orkestr.py:17
2026-02-23T16:43:42.256673+0300 DEBUG Получил данные пробую загрузить в Bucket = videos upload_file s3send.py:50
2026-02-23T16:43:43.293791+0300 DEBUG Файл успешно загружен в S3, Bucket = videos upload_file s3send.py:56
2026-02-23T16:43:43.293791+0300 DEBUG Видео успешно отправлено в S3 orkestr_func orkestr.py:19
2026-02-23T16:43:43.293791+0300 DEBUG Отпарвляю информацию о видео в БД orkestr_func orkestr.py:24
2026-02-23T16:43:43.293791+0300 DEBUG Получены данные о видео, отправляю в БД.. insert_videos dbschema.py:62
2026-02-23T16:43:43.605185+0300 ERROR Не удалось информацю о видео в БД. (sqlalchemy.dialects.postgresql.asyncpg.Error) <class 'asyncpg.exceptions.DataError'>: invalid input for query argument $2: '1' ('str' object cannot be interpreted as an integer)
[SQL: INSERT INTO videos (minio_path, camera_id) VALUES ($1::VARCHAR, $2::INTEGER) RETURNING videos.id]
[parameters: ('camera_id=1_91c7d87f-40b3-4cec-a31d-c80f379f1cc0.mp4', '1')]
(Background on this error at: https://sqlalche.me/e/20/dbapi) insert_videos dbschema.py:76
2026-02-23T16:43:43.605185+0300 ERROR Не удалось загрузить данные о видео в БД. (sqlalchemy.dialects.postgresql.asyncpg.Error) <class 'asyncpg.exceptions.DataError'>: invalid input for query argument $2: '1' ('str' object cannot be interpreted as an integer)
[SQL: INSERT INTO videos (minio_path, camera_id) VALUES ($1::VARCHAR, $2::INTEGER) RETURNING videos.id]
[parameters: ('camera_id=1_91c7d87f-40b3-4cec-a31d-c80f379f1cc0.mp4', '1')]
(Background on this error at: https://sqlalche.me/e/20/dbapi) orkestr_func orkestr.py:28
2026-02-23T16:43:43.605185+0300 ERROR Ошибка обработки видео! (sqlalchemy.dialects.postgresql.asyncpg.Error) <class 'asyncpg.exceptions.DataError'>: invalid input for query argument $2: '1' ('str' object cannot be interpreted as an integer)
[SQL: INSERT INTO videos (minio_path, camera_id) VALUES ($1::VARCHAR, $2::INTEGER) RETURNING videos.id]
[parameters: ('camera_id=1_91c7d87f-40b3-4cec-a31d-c80f379f1cc0.mp4', '1')]
(Background on this error at: https://sqlalche.me/e/20/dbapi) upload_video post.py:36
2026-02-23T16:43:53.250041+0300 DEBUG Закрываю соединение.. lifepsawn post.py:19
2026-02-23T16:43:53.250626+0300 DEBUG ==================== lifepsawn post.py:20
2026-02-23T17:37:59.467705+0300 DEBUG ==================== check_env config.py:25
2026-02-23T17:37:59.467705+0300 DEBUG ЗАПУСК check_env config.py:26
2026-02-23T17:37:59.467705+0300 DEBUG Начинаю проверку необходимых переменных.. check_env config.py:27
2026-02-23T17:37:59.509420+0300 DEBUG ==================== check_env config.py:25
2026-02-23T17:37:59.509420+0300 DEBUG ЗАПУСК check_env config.py:26
2026-02-23T17:37:59.509420+0300 DEBUG Начинаю проверку необходимых переменных.. check_env config.py:27
2026-02-23T17:37:59.521612+0300 DEBUG Проверяю БД и S3 перед запуском lifepsawn post.py:10
2026-02-23T17:38:01.207826+0300 DEBUG Удаляю все Таблицы.. create_tables dbschema.py:51
2026-02-23T17:38:01.639179+0300 DEBUG Создаю новые.. create_tables dbschema.py:53
2026-02-23T17:38:04.191088+0300 DEBUG Таблицы успено созданы! create_tables dbschema.py:55
2026-02-23T17:38:04.582404+0300 DEBUG Проверяю есть ли Bucket = videos.. bucket_check s3send.py:29
2026-02-23T17:38:04.614265+0300 DEBUG Bucket = videos уже есть, отлично! bucket_check s3send.py:32
2026-02-23T17:38:04.747455+0300 DEBUG Проверяю есть ли Bucket = frames.. bucket_check s3send.py:29
2026-02-23T17:38:04.772487+0300 DEBUG Bucket = frames уже есть, отлично! bucket_check s3send.py:32
2026-02-23T17:38:30.888052+0300 DEBUG Получено 1 видео. upload_video post.py:27
2026-02-23T17:38:30.888052+0300 DEBUG Пробую обработать 1/1.. upload_video post.py:30
2026-02-23T17:38:30.890335+0300 DEBUG Назначаю имена файлам.. orkestr_func orkestr.py:9
2026-02-23T17:38:30.890335+0300 DEBUG Отправляю видео в S3 orkestr_func orkestr.py:17
2026-02-23T17:38:30.895856+0300 DEBUG Получил данные пробую загрузить в Bucket = videos upload_file s3send.py:50
2026-02-23T17:38:32.227200+0300 DEBUG Файл успешно загружен в S3, Bucket = videos upload_file s3send.py:56
2026-02-23T17:38:32.227200+0300 DEBUG Видео успешно отправлено в S3 orkestr_func orkestr.py:19
2026-02-23T17:38:32.227200+0300 DEBUG Отпарвляю информацию о видео в БД orkestr_func orkestr.py:24
2026-02-23T17:38:32.227200+0300 DEBUG Получены данные о видео, отправляю в БД.. insert_videos dbschema.py:62
2026-02-23T17:38:32.640721+0300 DEBUG Видео успешно загружено возвращаю id insert_videos dbschema.py:72
2026-02-23T17:38:32.640721+0300 DEBUG Видео успено загружено в БД orkestr_func orkestr.py:26
2026-02-23T17:38:32.640721+0300 DEBUG Отправляю фреймы видео в S3 и БД.. orkestr_func orkestr.py:31
2026-02-23T17:38:35.577584+0300 DEBUG Пробую нарезать фреймы и загрузить в S3.. exctract_and_load_frames framer.py:13
2026-02-23T17:38:45.237546+0300 DEBUG Получил данные пробую загрузить в Bucket = frames upload_file s3send.py:50
2026-02-23T17:38:45.910715+0300 DEBUG Файл успешно загружен в S3, Bucket = frames upload_file s3send.py:56
2026-02-23T17:38:45.914803+0300 DEBUG Получена ифна о фрейме, гружу в БД.. insert_frames dbschema.py:86
2026-02-23T17:38:46.181380+0300 DEBUG Инфа о фрейме успешно загружена в БД! insert_frames dbschema.py:96
2026-02-23T17:38:46.275727+0300 DEBUG Получил данные пробую загрузить в Bucket = frames upload_file s3send.py:50
2026-02-23T17:38:46.730883+0300 DEBUG Файл успешно загружен в S3, Bucket = frames upload_file s3send.py:56
2026-02-23T17:38:46.739343+0300 DEBUG Получена ифна о фрейме, гружу в БД.. insert_frames dbschema.py:86
2026-02-23T17:38:47.143070+0300 DEBUG Инфа о фрейме успешно загружена в БД! insert_frames dbschema.py:96
2026-02-23T17:38:47.514117+0300 DEBUG Получил данные пробую загрузить в Bucket = frames upload_file s3send.py:50
2026-02-23T17:38:48.104497+0300 DEBUG Файл успешно загружен в S3, Bucket = frames upload_file s3send.py:56
2026-02-23T17:38:48.104497+0300 DEBUG Получена ифна о фрейме, гружу в БД.. insert_frames dbschema.py:86
2026-02-23T17:38:48.372889+0300 DEBUG Инфа о фрейме успешно загружена в БД! insert_frames dbschema.py:96
2026-02-23T17:38:48.558829+0300 DEBUG Получил данные пробую загрузить в Bucket = frames upload_file s3send.py:50
2026-02-23T17:38:49.130206+0300 DEBUG Файл успешно загружен в S3, Bucket = frames upload_file s3send.py:56
2026-02-23T17:38:49.130206+0300 DEBUG Получена ифна о фрейме, гружу в БД.. insert_frames dbschema.py:86
2026-02-23T17:38:49.403246+0300 DEBUG Инфа о фрейме успешно загружена в БД! insert_frames dbschema.py:96
2026-02-23T17:38:49.634631+0300 DEBUG Получил данные пробую загрузить в Bucket = frames upload_file s3send.py:50
2026-02-23T17:38:50.114709+0300 DEBUG Файл успешно загружен в S3, Bucket = frames upload_file s3send.py:56
2026-02-23T17:38:50.117300+0300 DEBUG Получена ифна о фрейме, гружу в БД.. insert_frames dbschema.py:86
2026-02-23T17:38:50.377518+0300 DEBUG Инфа о фрейме успешно загружена в БД! insert_frames dbschema.py:96
2026-02-23T17:38:50.561811+0300 DEBUG Получил данные пробую загрузить в Bucket = frames upload_file s3send.py:50
2026-02-23T17:38:51.078594+0300 DEBUG Файл успешно загружен в S3, Bucket = frames upload_file s3send.py:56
2026-02-23T17:38:51.085897+0300 DEBUG Получена ифна о фрейме, гружу в БД.. insert_frames dbschema.py:86
2026-02-23T17:38:51.366718+0300 DEBUG Инфа о фрейме успешно загружена в БД! insert_frames dbschema.py:96
2026-02-23T17:38:51.522874+0300 DEBUG Получил данные пробую загрузить в Bucket = frames upload_file s3send.py:50
2026-02-23T17:38:51.995781+0300 DEBUG Файл успешно загружен в S3, Bucket = frames upload_file s3send.py:56
2026-02-23T17:38:51.995781+0300 DEBUG Получена ифна о фрейме, гружу в БД.. insert_frames dbschema.py:86
2026-02-23T17:38:52.268047+0300 DEBUG Инфа о фрейме успешно загружена в БД! insert_frames dbschema.py:96
2026-02-23T17:38:52.382282+0300 DEBUG Получил данные пробую загрузить в Bucket = frames upload_file s3send.py:50
2026-02-23T17:38:52.822924+0300 DEBUG Файл успешно загружен в S3, Bucket = frames upload_file s3send.py:56
2026-02-23T17:38:52.823922+0300 DEBUG Получена ифна о фрейме, гружу в БД.. insert_frames dbschema.py:86
2026-02-23T17:38:53.092017+0300 DEBUG Инфа о фрейме успешно загружена в БД! insert_frames dbschema.py:96
2026-02-23T17:38:53.186737+0300 DEBUG Фреймы нарезаны и успешно загружены в S3 и инфа о всех в БД orkestr_func orkestr.py:33
2026-02-23T17:38:53.187242+0300 DEBUG Видео и все его фреймы успешно обработаны (S3, БД)! upload_video post.py:34
2026-02-23T17:57:13.055994+0300 DEBUG Закрываю соединение.. lifepsawn post.py:19
2026-02-23T17:57:13.056788+0300 DEBUG ==================== lifepsawn post.py:20
2026-02-23T18:42:06.843927+0300 DEBUG ==================== check_env config.py:25
2026-02-23T18:42:06.875409+0300 DEBUG ЗАПУСК check_env config.py:26
2026-02-23T18:42:06.875409+0300 DEBUG Начинаю проверку необходимых переменных.. check_env config.py:27
2026-02-23T18:42:07.530391+0300 DEBUG ==================== check_env config.py:25
2026-02-23T18:42:07.530391+0300 DEBUG ЗАПУСК check_env config.py:26
2026-02-23T18:42:07.530391+0300 DEBUG Начинаю проверку необходимых переменных.. check_env config.py:27
2026-02-23T18:42:07.535317+0300 DEBUG Проверяю БД и S3 перед запуском lifepsawn post.py:11
2026-02-23T18:42:07.915878+0300 DEBUG Удаляю все Таблицы.. create_tables dbschema.py:51
2026-02-23T18:42:07.928135+0300 DEBUG Создаю новые.. create_tables dbschema.py:53
2026-02-23T18:42:09.399351+0300 DEBUG Таблицы успено созданы! create_tables dbschema.py:55
2026-02-23T18:42:11.873271+0300 DEBUG Проверяю есть ли Bucket = videos.. bucket_check s3send.py:29
2026-02-23T18:42:12.040893+0300 DEBUG Bucket = videos не оказалось, создаю.. bucket_check s3send.py:35
2026-02-23T18:42:12.133621+0300 DEBUG Bucket с именем videos успешно создан! bucket_check s3send.py:38
2026-02-23T18:42:12.243634+0300 DEBUG Проверяю есть ли Bucket = frames.. bucket_check s3send.py:29
2026-02-23T18:42:12.268069+0300 DEBUG Bucket = frames не оказалось, создаю.. bucket_check s3send.py:35
2026-02-23T18:42:12.523979+0300 DEBUG Bucket с именем frames успешно создан! bucket_check s3send.py:38
2026-02-23T18:44:20.702815+0300 DEBUG Закрываю соединение.. lifepsawn post.py:20
2026-02-23T18:44:20.702815+0300 DEBUG ==================== lifepsawn post.py:21
2026-02-23T18:44:28.298267+0300 DEBUG ==================== check_env config.py:25
2026-02-23T18:44:28.298267+0300 DEBUG ЗАПУСК check_env config.py:26
2026-02-23T18:44:28.298267+0300 DEBUG Начинаю проверку необходимых переменных.. check_env config.py:27
2026-02-23T18:44:28.350393+0300 DEBUG ==================== check_env config.py:25
2026-02-23T18:44:28.350928+0300 DEBUG ЗАПУСК check_env config.py:26
2026-02-23T18:44:28.350928+0300 DEBUG Начинаю проверку необходимых переменных.. check_env config.py:27
2026-02-23T18:44:28.353612+0300 DEBUG Проверяю БД и S3 перед запуском lifepsawn post.py:11
2026-02-23T18:44:28.410073+0300 DEBUG Удаляю все Таблицы.. create_tables dbschema.py:52
2026-02-23T18:44:28.420579+0300 DEBUG Создаю новые.. create_tables dbschema.py:54
2026-02-23T18:44:30.116782+0300 DEBUG Таблицы успено созданы! create_tables dbschema.py:56
2026-02-23T18:44:30.379551+0300 DEBUG Проверяю есть ли Bucket = videos.. bucket_check s3send.py:29
2026-02-23T18:44:30.406645+0300 DEBUG Bucket = videos уже есть, отлично! bucket_check s3send.py:32
2026-02-23T18:44:30.519720+0300 DEBUG Проверяю есть ли Bucket = frames.. bucket_check s3send.py:29
2026-02-23T18:44:30.541212+0300 DEBUG Bucket = frames уже есть, отлично! bucket_check s3send.py:32
2026-02-23T18:45:36.833345+0300 DEBUG Закрываю соединение.. lifepsawn post.py:20
2026-02-23T18:45:36.833345+0300 DEBUG ==================== lifepsawn post.py:21
2026-02-23T18:45:40.292981+0300 DEBUG ==================== check_env config.py:25
2026-02-23T18:45:40.292981+0300 DEBUG ЗАПУСК check_env config.py:26
2026-02-23T18:45:40.292981+0300 DEBUG Начинаю проверку необходимых переменных.. check_env config.py:27
2026-02-23T18:45:40.335584+0300 DEBUG ==================== check_env config.py:25
2026-02-23T18:45:40.336588+0300 DEBUG ЗАПУСК check_env config.py:26
2026-02-23T18:45:40.336588+0300 DEBUG Начинаю проверку необходимых переменных.. check_env config.py:27
2026-02-23T18:45:40.339661+0300 DEBUG Проверяю БД и S3 перед запуском lifepsawn post.py:11
2026-02-23T18:45:40.404789+0300 DEBUG Удаляю все Таблицы.. create_tables dbschema.py:52
2026-02-23T18:45:40.419676+0300 DEBUG Создаю новые.. create_tables dbschema.py:54
2026-02-23T18:45:41.520729+0300 DEBUG Таблицы успено созданы! create_tables dbschema.py:56
2026-02-23T18:45:41.773534+0300 DEBUG Проверяю есть ли Bucket = videos.. bucket_check s3send.py:29
2026-02-23T18:45:41.799876+0300 DEBUG Bucket = videos уже есть, отлично! bucket_check s3send.py:32
2026-02-23T18:45:41.918756+0300 DEBUG Проверяю есть ли Bucket = frames.. bucket_check s3send.py:29
2026-02-23T18:45:41.942159+0300 DEBUG Bucket = frames уже есть, отлично! bucket_check s3send.py:32
2026-02-23T18:46:45.933592+0300 DEBUG Получено 1 видео. upload_video post.py:28
2026-02-23T18:46:45.933592+0300 DEBUG Пробую обработать 1/1.. upload_video post.py:31
2026-02-23T18:46:45.935458+0300 DEBUG Назначаю имена файлам.. orkestr_func orkestr.py:9
2026-02-23T18:46:45.935996+0300 DEBUG Отправляю видео в S3 orkestr_func orkestr.py:17
2026-02-23T18:46:45.940259+0300 DEBUG Получил данные пробую загрузить в Bucket = videos upload_file s3send.py:50
2026-02-23T18:46:46.637795+0300 DEBUG Файл успешно загружен в S3, Bucket = videos upload_file s3send.py:56
2026-02-23T18:46:46.637795+0300 DEBUG Видео успешно отправлено в S3 orkestr_func orkestr.py:19
2026-02-23T18:46:46.637795+0300 DEBUG Отпарвляю информацию о видео в БД orkestr_func orkestr.py:24
2026-02-23T18:46:46.637795+0300 DEBUG Получены данные о видео, отправляю в БД.. insert_videos dbschema.py:63
2026-02-23T18:46:46.918428+0300 DEBUG Видео успешно загружено возвращаю id insert_videos dbschema.py:73
2026-02-23T18:46:46.919440+0300 DEBUG Видео успено загружено в БД orkestr_func orkestr.py:26
2026-02-23T18:46:46.919440+0300 DEBUG Отправляю фреймы видео в S3 и БД.. orkestr_func orkestr.py:31
2026-02-23T18:46:47.854591+0300 DEBUG Пробую нарезать фреймы и загрузить в S3.. exctract_and_load_frames framer.py:13
2026-02-23T18:46:49.688908+0300 DEBUG Получил данные пробую загрузить в Bucket = frames upload_file s3send.py:50
2026-02-23T18:46:49.836408+0300 DEBUG Файл успешно загружен в S3, Bucket = frames upload_file s3send.py:56
2026-02-23T18:46:49.838401+0300 DEBUG Получена ифна о фрейме, гружу в БД.. insert_frames dbschema.py:87
2026-02-23T18:46:49.978941+0300 DEBUG Инфа о фрейме успешно загружена в БД! insert_frames dbschema.py:97
2026-02-23T18:46:50.083640+0300 DEBUG Получил данные пробую загрузить в Bucket = frames upload_file s3send.py:50
2026-02-23T18:46:50.411127+0300 DEBUG Файл успешно загружен в S3, Bucket = frames upload_file s3send.py:56
2026-02-23T18:46:50.414128+0300 DEBUG Получена ифна о фрейме, гружу в БД.. insert_frames dbschema.py:87
2026-02-23T18:46:50.590385+0300 DEBUG Инфа о фрейме успешно загружена в БД! insert_frames dbschema.py:97
2026-02-23T18:46:50.936940+0300 DEBUG Получил данные пробую загрузить в Bucket = frames upload_file s3send.py:50
2026-02-23T18:46:51.366822+0300 DEBUG Файл успешно загружен в S3, Bucket = frames upload_file s3send.py:56
2026-02-23T18:46:51.370356+0300 DEBUG Получена ифна о фрейме, гружу в БД.. insert_frames dbschema.py:87
2026-02-23T18:46:51.530245+0300 DEBUG Инфа о фрейме успешно загружена в БД! insert_frames dbschema.py:97
2026-02-23T18:46:51.783528+0300 DEBUG Получил данные пробую загрузить в Bucket = frames upload_file s3send.py:50
2026-02-23T18:46:52.071496+0300 DEBUG Файл успешно загружен в S3, Bucket = frames upload_file s3send.py:56
2026-02-23T18:46:52.075048+0300 DEBUG Получена ифна о фрейме, гружу в БД.. insert_frames dbschema.py:87
2026-02-23T18:46:52.212975+0300 DEBUG Инфа о фрейме успешно загружена в БД! insert_frames dbschema.py:97
2026-02-23T18:46:52.431969+0300 DEBUG Получил данные пробую загрузить в Bucket = frames upload_file s3send.py:50
2026-02-23T18:46:52.752537+0300 DEBUG Файл успешно загружен в S3, Bucket = frames upload_file s3send.py:56
2026-02-23T18:46:52.755604+0300 DEBUG Получена ифна о фрейме, гружу в БД.. insert_frames dbschema.py:87
2026-02-23T18:46:52.865088+0300 DEBUG Инфа о фрейме успешно загружена в БД! insert_frames dbschema.py:97
2026-02-23T18:46:53.062934+0300 DEBUG Получил данные пробую загрузить в Bucket = frames upload_file s3send.py:50
2026-02-23T18:46:53.363410+0300 DEBUG Файл успешно загружен в S3, Bucket = frames upload_file s3send.py:56
2026-02-23T18:46:53.366378+0300 DEBUG Получена ифна о фрейме, гружу в БД.. insert_frames dbschema.py:87
2026-02-23T18:46:53.566079+0300 DEBUG Инфа о фрейме успешно загружена в БД! insert_frames dbschema.py:97
2026-02-23T18:46:53.774332+0300 DEBUG Получил данные пробую загрузить в Bucket = frames upload_file s3send.py:50
2026-02-23T18:46:54.126367+0300 DEBUG Файл успешно загружен в S3, Bucket = frames upload_file s3send.py:56
2026-02-23T18:46:54.129366+0300 DEBUG Получена ифна о фрейме, гружу в БД.. insert_frames dbschema.py:87
2026-02-23T18:46:54.281869+0300 DEBUG Инфа о фрейме успешно загружена в БД! insert_frames dbschema.py:97
2026-02-23T18:46:54.457294+0300 DEBUG Получил данные пробую загрузить в Bucket = frames upload_file s3send.py:50
2026-02-23T18:46:54.716607+0300 DEBUG Файл успешно загружен в S3, Bucket = frames upload_file s3send.py:56
2026-02-23T18:46:54.719242+0300 DEBUG Получена ифна о фрейме, гружу в БД.. insert_frames dbschema.py:87
2026-02-23T18:46:54.846563+0300 DEBUG Инфа о фрейме успешно загружена в БД! insert_frames dbschema.py:97
2026-02-23T18:46:55.070317+0300 DEBUG Фреймы нарезаны и успешно загружены в S3 и инфа о всех в БД orkestr_func orkestr.py:33
2026-02-23T18:46:55.070317+0300 DEBUG Видео и все его фреймы успешно обработаны (S3, БД)! upload_video post.py:35
2026-02-23T18:50:14.455665+0300 DEBUG Закрываю соединение.. lifepsawn post.py:20
2026-02-23T18:50:14.456584+0300 DEBUG ==================== lifepsawn post.py:21
2026-02-23T18:51:43.734662+0300 DEBUG ==================== check_env config.py:25
2026-02-23T18:51:43.734662+0300 DEBUG ЗАПУСК check_env config.py:26
2026-02-23T18:51:43.734662+0300 DEBUG Начинаю проверку необходимых переменных.. check_env config.py:27
2026-02-23T18:51:44.260412+0300 DEBUG ==================== check_env config.py:25
2026-02-23T18:51:44.260412+0300 DEBUG ЗАПУСК check_env config.py:26
2026-02-23T18:51:44.260412+0300 DEBUG Начинаю проверку необходимых переменных.. check_env config.py:27
2026-02-23T18:51:44.263595+0300 DEBUG Проверяю БД и S3 перед запуском lifepsawn post.py:11
2026-02-23T18:51:44.334467+0300 DEBUG Удаляю все Таблицы.. create_tables dbschema.py:52
2026-02-23T18:51:44.350044+0300 DEBUG Создаю новые.. create_tables dbschema.py:54
2026-02-23T18:51:45.753724+0300 DEBUG Таблицы успено созданы! create_tables dbschema.py:56
2026-02-23T18:51:46.349646+0300 DEBUG Проверяю есть ли Bucket = videos.. bucket_check s3send.py:29
2026-02-23T18:51:46.378473+0300 DEBUG Bucket = videos уже есть, отлично! bucket_check s3send.py:32
2026-02-23T18:51:46.494260+0300 DEBUG Проверяю есть ли Bucket = frames.. bucket_check s3send.py:29
2026-02-23T18:51:46.517529+0300 DEBUG Bucket = frames уже есть, отлично! bucket_check s3send.py:32
2026-02-23T18:51:53.099939+0300 DEBUG Получено 1 видео. upload_video post.py:28
2026-02-23T18:51:53.099939+0300 DEBUG Пробую обработать 1/1.. upload_video post.py:31
2026-02-23T18:51:53.100982+0300 DEBUG Назначаю имена файлам.. orkestr_func orkestr.py:9
2026-02-23T18:51:53.100982+0300 DEBUG Отправляю видео в S3 orkestr_func orkestr.py:17
2026-02-23T18:51:53.104641+0300 DEBUG Получил данные пробую загрузить в Bucket = videos upload_file s3send.py:50
2026-02-23T18:51:53.578265+0300 DEBUG Файл успешно загружен в S3, Bucket = videos upload_file s3send.py:56
2026-02-23T18:51:53.579905+0300 DEBUG Видео успешно отправлено в S3 orkestr_func orkestr.py:19
2026-02-23T18:51:53.579905+0300 DEBUG Отпарвляю информацию о видео в БД orkestr_func orkestr.py:24
2026-02-23T18:51:53.579905+0300 DEBUG Получены данные о видео, отправляю в БД.. insert_videos dbschema.py:63
2026-02-23T18:51:53.714004+0300 DEBUG Видео успешно загружено возвращаю id insert_videos dbschema.py:73
2026-02-23T18:51:53.714004+0300 DEBUG Видео успено загружено в БД orkestr_func orkestr.py:26
2026-02-23T18:51:53.714004+0300 DEBUG Отправляю фреймы видео в S3 и БД.. orkestr_func orkestr.py:31
2026-02-23T18:51:53.734966+0300 DEBUG Пробую нарезать фреймы и загрузить в S3.. exctract_and_load_frames framer.py:13
2026-02-23T18:51:53.797004+0300 DEBUG Получил данные пробую загрузить в Bucket = frames upload_file s3send.py:50
2026-02-23T18:51:54.049755+0300 DEBUG Файл успешно загружен в S3, Bucket = frames upload_file s3send.py:56
2026-02-23T18:51:54.049755+0300 DEBUG Получена ифна о фрейме, гружу в БД.. insert_frames dbschema.py:87
2026-02-23T18:51:54.195009+0300 DEBUG Инфа о фрейме успешно загружена в БД! insert_frames dbschema.py:97
2026-02-23T18:51:54.279285+0300 DEBUG Получил данные пробую загрузить в Bucket = frames upload_file s3send.py:50
2026-02-23T18:51:54.362530+0300 DEBUG Файл успешно загружен в S3, Bucket = frames upload_file s3send.py:56
2026-02-23T18:51:54.362530+0300 DEBUG Получена ифна о фрейме, гружу в БД.. insert_frames dbschema.py:87
2026-02-23T18:51:54.466652+0300 DEBUG Инфа о фрейме успешно загружена в БД! insert_frames dbschema.py:97
2026-02-23T18:51:54.578345+0300 DEBUG Получил данные пробую загрузить в Bucket = frames upload_file s3send.py:50
2026-02-23T18:51:54.866596+0300 DEBUG Файл успешно загружен в S3, Bucket = frames upload_file s3send.py:56
2026-02-23T18:51:54.877819+0300 DEBUG Получена ифна о фрейме, гружу в БД.. insert_frames dbschema.py:87
2026-02-23T18:51:54.994947+0300 DEBUG Инфа о фрейме успешно загружена в БД! insert_frames dbschema.py:97
2026-02-23T18:51:55.151714+0300 DEBUG Получил данные пробую загрузить в Bucket = frames upload_file s3send.py:50
2026-02-23T18:51:55.274439+0300 DEBUG Файл успешно загружен в S3, Bucket = frames upload_file s3send.py:56
2026-02-23T18:51:55.278322+0300 DEBUG Получена ифна о фрейме, гружу в БД.. insert_frames dbschema.py:87
2026-02-23T18:51:55.403233+0300 DEBUG Инфа о фрейме успешно загружена в БД! insert_frames dbschema.py:97
2026-02-23T18:51:55.562087+0300 DEBUG Получил данные пробую загрузить в Bucket = frames upload_file s3send.py:50
2026-02-23T18:51:55.687580+0300 DEBUG Файл успешно загружен в S3, Bucket = frames upload_file s3send.py:56
2026-02-23T18:51:55.690520+0300 DEBUG Получена ифна о фрейме, гружу в БД.. insert_frames dbschema.py:87
2026-02-23T18:51:55.807492+0300 DEBUG Инфа о фрейме успешно загружена в БД! insert_frames dbschema.py:97
2026-02-23T18:51:55.961056+0300 DEBUG Получил данные пробую загрузить в Bucket = frames upload_file s3send.py:50
2026-02-23T18:51:56.247263+0300 DEBUG Файл успешно загружен в S3, Bucket = frames upload_file s3send.py:56
2026-02-23T18:51:56.248917+0300 DEBUG Получена ифна о фрейме, гружу в БД.. insert_frames dbschema.py:87
2026-02-23T18:51:56.370675+0300 DEBUG Инфа о фрейме успешно загружена в БД! insert_frames dbschema.py:97
2026-02-23T18:51:56.548745+0300 DEBUG Получил данные пробую загрузить в Bucket = frames upload_file s3send.py:50
2026-02-23T18:51:56.729463+0300 DEBUG Файл успешно загружен в S3, Bucket = frames upload_file s3send.py:56
2026-02-23T18:51:56.729463+0300 DEBUG Получена ифна о фрейме, гружу в БД.. insert_frames dbschema.py:87
2026-02-23T18:51:56.864258+0300 DEBUG Инфа о фрейме успешно загружена в БД! insert_frames dbschema.py:97
2026-02-23T18:51:57.010025+0300 DEBUG Получил данные пробую загрузить в Bucket = frames upload_file s3send.py:50
2026-02-23T18:51:57.243559+0300 DEBUG Файл успешно загружен в S3, Bucket = frames upload_file s3send.py:56
2026-02-23T18:51:57.250232+0300 DEBUG Получена ифна о фрейме, гружу в БД.. insert_frames dbschema.py:87
2026-02-23T18:51:57.351629+0300 DEBUG Инфа о фрейме успешно загружена в БД! insert_frames dbschema.py:97
2026-02-23T18:51:57.405690+0300 DEBUG Фреймы нарезаны и успешно загружены в S3 и инфа о всех в БД orkestr_func orkestr.py:33
2026-02-23T18:51:57.405690+0300 DEBUG Видео и все его фреймы успешно обработаны (S3, БД)! upload_video post.py:35
2026-02-23T18:55:32.013525+0300 DEBUG Закрываю соединение.. lifepsawn post.py:20
2026-02-23T18:55:32.013525+0300 DEBUG ==================== lifepsawn post.py:21
