2026-03-04T16:31:50.456766+0300 DEBUG Открываю TCP с kafka. on_strartup main.py:29
2026-03-04T16:31:50.457936+0300 DEBUG ==================== on_strartup main.py:30
2026-03-04T16:32:27.888043+0300 DEBUG place_info raw: Р›РµСЃ, РїРѕР»СЏ, Р»СѓРіР°, РІРѕРєСЂСѓРі РєРѕСЂРѕР»РёРєРё, РѕР»РµРЅРё, РјРµРґРІРµРґРё Р»РµСЃРЅС‹Рµ Р¶РёРІРѕС‚РЅС‹Рµ, СЂСЏРґРѕРј СЂРµРєР°, РіСѓСЃС‚РѕР№ Р»РµСЃ. get_info requests_func.py:27
2026-03-04T16:34:48.608301+0300 DEBUG place_info raw: Лес, поля, луга, вокруг королики, олени, медведи лесные животные, рядом река, густой лес. get_info requests_func.py:27
2026-03-04T16:35:37.995547+0300 DEBUG place_info raw: Лес, поля, луга, вокруг королики, олени, медведи лесные животные, рядом река, густой лес. get_info requests_func.py:27
2026-03-04T16:37:24.427344+0300 DEBUG Пришло собщение от пользователя на замену порога - Смени порог для камеры три для танков от 1. save_threshold messages.py:57
2026-03-04T16:42:01.565285+0300 DEBUG Пришло время получать каждй 10 минут отчет.. async_logic tasks.py:29
2026-03-04T16:42:03.849319+0300 ERROR Не удалось отпавить 10 минутный отчет. Cannot connect to host localhost:8002 ssl:default [Удаленный компьютер отклонил это сетевое подключение] async_logic tasks.py:48
2026-03-04T16:43:11.504232+0300 DEBUG Закрываю TCP с кафка. on_shutdown main.py:37
2026-03-04T16:43:11.505001+0300 DEBUG ==================== on_shutdown main.py:38
2026-03-04T16:43:18.505356+0300 DEBUG Открываю TCP с kafka. on_strartup main.py:29
2026-03-04T16:43:18.506412+0300 DEBUG ==================== on_strartup main.py:30
2026-03-04T16:43:40.434201+0300 DEBUG Пришло время получать каждй 10 минут отчет.. async_logic tasks.py:29
2026-03-04T16:43:43.278115+0300 DEBUG Отчет получен от агента, отправляю пользователю.. async_logic tasks.py:35
2026-03-04T16:43:43.278115+0300 ERROR Не удалось отпавить 10 минутный отчет. Timeout context manager should be used inside a task async_logic tasks.py:48
2026-03-04T16:45:22.412043+0300 DEBUG Закрываю TCP с кафка. on_shutdown main.py:37
2026-03-04T16:45:22.412552+0300 DEBUG ==================== on_shutdown main.py:38
2026-03-04T16:45:28.934429+0300 DEBUG Открываю TCP с kafka. on_strartup main.py:29
2026-03-04T16:45:28.943134+0300 DEBUG ==================== on_strartup main.py:30
2026-03-04T16:47:13.354864+0300 DEBUG Пришло собщение от пользователя на замену порога - Смени порог для камеры три для танков от 1. save_threshold messages.py:57
2026-03-04T16:48:56.783835+0300 DEBUG Пришло собщение от пользователя на замену порога - Смени порог для камерв 10 для такнов 100. save_threshold messages.py:57
2026-03-04T16:54:10.789983+0300 DEBUG Пришло собщение от пользователя на замену порога - Смени порог для камерв 10 для такнов 100. save_threshold messages.py:57
2026-03-04T16:55:33.446766+0300 DEBUG Пришло время получать каждй 10 минут отчет.. async_logic tasks.py:29
2026-03-04T16:55:36.015071+0300 DEBUG Отчет получен от агента, отправляю пользователю.. async_logic tasks.py:35
2026-03-04T16:55:36.016936+0300 ERROR Не удалось отпавить 10 минутный отчет. Timeout context manager should be used inside a task async_logic tasks.py:48
2026-03-04T16:55:49.691114+0300 DEBUG Пришло сообщение от пользователя на замену камеры в бота - Добааь камеру 10 координатв педесят и 30 вокруг избушки на курьих ношках отправляю в AI. new_camera messages.py:73
2026-03-04T17:05:29.376521+0300 DEBUG Пришло время получать каждй 10 минут отчет.. async_logic tasks.py:29
2026-03-04T17:05:31.999017+0300 DEBUG Отчет получен от агента, отправляю пользователю.. async_logic tasks.py:35
2026-03-04T17:05:31.999017+0300 ERROR Не удалось отпавить 10 минутный отчет. Timeout context manager should be used inside a task async_logic tasks.py:48
2026-03-04T17:08:13.230174+0300 DEBUG Закрываю TCP с кафка. on_shutdown main.py:37
2026-03-04T17:08:13.230682+0300 DEBUG ==================== on_shutdown main.py:38
